Started by user [8mha:////4BeOvP3ZN/FNYRQNTa0nmYkAJG8bbtqJHokxKglXA2KNAAAAmx+LCAAAAAAAAP9b85aBtbiIQTGjNKU4P08vOT+vOD8nVc83PyU1x6OyILUoJzMv2y+/JJUBAhiZGBgqihhk0NSjKDWzXb3RdlLBUSYGJk8GtpzUvPSSDB8G5tKinBIGIZ+sxLJE/ZzEvHT94JKizLx0a6BxUmjGOUNodHsLgAzuEgZB/dLi1CL9ZKAbgRryUpNLAPtfI1LGAAAA[0mcodeconnect
Obtained Jenkinsfile from git https://github.com/NUS-ISS-SWE/code-connect-backend.git
[8mha:////4NPDMsrb5Tdtm/w4oSKvVFwgEqZ5Ga9DE1z7zaf3jv5sAAAAoh+LCAAAAAAAAP9tjTEOwjAQBM8BClpKHuFItIiK1krDC0x8GCfWnbEdkooX8TX+gCESFVvtrLSa5wtWKcKBo5UdUu8otU4GP9jS5Mixv3geZcdn2TIl9igbHBs2eJyx4YwwR1SwULBGaj0nRzbDRnX6rmuvydanHMu2V1A5c4MHCFXMWcf8hSnC9jqYxPTz/BXAFEIGsfuclm8zQVqFvQAAAA==[0m[Pipeline] Start of Pipeline
[8mha:////4PeEb4F8l1Nq6aJ4FnY7LiOvWcXRdmOf8zfJleTooKZbAAAApR+LCAAAAAAAAP9tjTEOwjAUQ3+KOrAycohUghExsUZZOEFIQkgb/d8mKe3EibgadyBQiQlLlmxL1nu+oE4RjhQdby12HpP2vA+jK4lPFLtroIm3dOGaMFGwXNpJkrGnpUrKFhaxClYC1hZ1oOTRZdiIVt1VExS65pxj2Q4CKm8GeAAThZxVzN8yR9jeRpMIf5y/AJj7DGxXvP/86jduZBmjwAAAAA==[0m[Pipeline] node
Running on [8mha:////4A1YAY9iUO9ZQZcC9Vnia4J93yQLJ1u1MkI5+pL5OJ56AAAAoR+LCAAAAAAAAP9b85aBtbiIQTGjNKU4P08vOT+vOD8nVc83PyU1x6OyILUoJzMv2y+/JJUBAhiZGBgqihhk0NSjKDWzXb3RdlLBUSYGJk8GtpzUvPSSDB8G5tKinBIGIZ+sxLJE/ZzEvHT94JKizLx0a6BxUmjGOUNodHsLgAz2EgZR/eT83ILSktQifY2k0sycEt3MPE19AHHxbH3KAAAA[0mJenkins in /var/jenkins_home/workspace/CodeConnectBackend/backend
[8mha:////4GQwJAEz8vFPq2lAWeSJ67u5rxM8wupsXu7LKNYwUyb5AAAApR+LCAAAAAAAAP9tjTEOwjAUQ3+KOrAycoh0gA0xsUZZOEFIQkgb/d8mKe3EibgadyBQiQlLlmxL1nu+oE4RjhQdby12HpP2vA+jK4lPFLtroIm3dOGaMFGwXNpJkrGnpUrKFhaxClYC1hZ1oOTRZdiIVt1VExS65pxj2Q4CKm8GeAAThZxVzN8yR9jeRpMIf5y/AJj7DGxXvP/86jfoP95RwAAAAA==[0m[Pipeline] {
[8mha:////4DjArhJi9VZn4XPm1aKMd4WEjxTPk4iq+nfQEPyRdcIsAAAApR+LCAAAAAAAAP9tjTEOwjAUQ3+KOrAycoh0gQkxsUZZOEFIQkgb/d8mKe3EibgadyBQiQlLlmxL1nu+oE4RjhQdby12HpP2vA+jK4lPFLtroIm3dOGaMFGwXNpJkrGnpUrKFhaxClYC1hZ1oOTRZdiIVt1VExS65pxj2Q4CKm8GeAAThZxVzN8yR9jeRpMIf5y/AJj7DGxXvP/86jc09154wAAAAA==[0m[Pipeline] stage
[8mha:////4NbUEQaUUkHrCQi/TCc2KpWGTn4EwB/EkBLDnMjsdF+5AAAApR+LCAAAAAAAAP9tjTEOwjAUQ3+KOrAycoh0ggUxsUZZOEFIQkgb/d8mKe3EibgadyBQiQlLlmxL1nu+oE4RjhQdby12HpP2vA+jK4lPFLtroIm3dOGaMFGwXNpJkrGnpUrKFhaxClYC1hZ1oOTRZdiIVt1VExS65pxj2Q4CKm8GeAAThZxVzN8yR9jeRpMIf5y/AJj7DGxXvP/86jek7ggRwAAAAA==[0m[Pipeline] { (Declarative: Checkout SCM)
[8mha:////4DlYj/KpXfhk9+KfPP1IvSbA93ZzpxpsP1pHRcthAH4zAAAAoh+LCAAAAAAAAP9tjTEOAiEURD9rLGwtPQTbaWGsbAmNJ0AWEZb8zwLrbuWJvJp3kLiJlZNMMm+a93rDOic4UbLcG+wdZu14DKOti0+U+lugiXu6ck2YKRguzSSpM+cFJRUDS1gDKwEbgzpQdmgLbIVXD9UGhba9lFS/o4DGdQM8gYlqLiqVL8wJdvexy4Q/z18BzLEA29ce4gfg7KmOvAAAAA==[0m[Pipeline] checkout
Selected Git installation does not exist. Using Default
The recommended git tool is: NONE
using credential github-pat
 > git rev-parse --resolve-git-dir /var/jenkins_home/workspace/CodeConnectBackend/backend/.git # timeout=10
Fetching changes from the remote Git repository
 > git config remote.origin.url https://github.com/NUS-ISS-SWE/code-connect-backend.git # timeout=10
Fetching upstream changes from https://github.com/NUS-ISS-SWE/code-connect-backend.git
 > git --version # timeout=10
 > git --version # 'git version 2.39.5'
using GIT_ASKPASS to set credentials 
 > git fetch --tags --force --progress -- https://github.com/NUS-ISS-SWE/code-connect-backend.git +refs/heads/*:refs/remotes/origin/* # timeout=10
 > git rev-parse refs/remotes/origin/featue/sprint2/maxin/CDCNT-38^{commit} # timeout=10
Checking out Revision e6431ffaf76d39478311f31a6a87f0b6c71bfe1b (refs/remotes/origin/featue/sprint2/maxin/CDCNT-38)
 > git config core.sparsecheckout # timeout=10
 > git checkout -f e6431ffaf76d39478311f31a6a87f0b6c71bfe1b # timeout=10
Commit message: "update jenkin files"
 > git rev-list --no-walk e6431ffaf76d39478311f31a6a87f0b6c71bfe1b # timeout=10
[8mha:////4PWrMrJsf0iViHalYWpAM1JMWSldfPtt04XkEUWnhbcZAAAAoh+LCAAAAAAAAP9tjTEOAiEURD9rLGwtPQTbGRNjZUtoPAGyiLDkfxZYdytP5NW8g8RNrJxkknnTvNcb1jnBiZLl3mDvMGvHYxhtXXyi1N8CTdzTlWvCTMFwaSZJnTkvKKkYWMIaWAnYGNSBskNbYCu8eqg2KLTtpaT6HQU0rhvgCUxUc1GpfGFOsLuPXSb8ef4KYI6xADvU7j9Dg2gqvAAAAA==[0m[Pipeline] }
[8mha:////4BCwGpRVBMbDdHJEPmeCtS6vBEwEPKxinHw1ShV7Q9ysAAAAoh+LCAAAAAAAAP9tjTEOAiEURD9rLGwtPQRbWRhjZUtoPAGyiLDkfxZYdytP5NW8g8RNrJxkknnTvNcb1jnBiZLl3mDvMGvHYxhtXXyi1N8CTdzTlWvCTMFwaSZJnTkvKKkYWMIaWAnYGNSBskNbYCu8eqg2KLTtpaT6HQU0rhvgCUxUc1GpfGFOsLuPXSb8ef4KYI6xADvU7j9J+wGOvAAAAA==[0m[Pipeline] // stage
[8mha:////4LeipAf+tH8Bom5NceCiPRwpLj6s6wID4RWOXFnmLOGmAAAAph+LCAAAAAAAAP9tjTEOwjAQBM9BKWgpeYQDEh2iorXc8AITG+PEugv2haTiRXyNPxCIRMVWOyut5vmCMic4UPKycdgGzHWQXez91ORAqb1EGmRDZ1kTZopOajdosu44oyZ2MEcUsFCwdFhHygE9w0o15m6qaNBXJ07TtldQBHuDBwg1mdkk/sKYYH3tbSb8ef4KYOwYxI6h2G4+x/INtuQqUcEAAAA=[0m[Pipeline] withEnv
[8mha:////4JVvKNcDImtfffsgOkXxnX14O6bcreHVsl4EoGM50XrFAAAApR+LCAAAAAAAAP9tjTEOwjAUQ3+DOrAycoiUzoiJNerCCUITQtLo/zZJSSdOxNW4Ay2VmPBg2Zas93pDGQOcKBjuNHYWY2t570czJ54pdDdPmTu68pYwkte80bkhpc9rbShpWFUw2AjYamw9RYsmwU44+ZCVl2iqSwrzdhTArBrgCYWYyUmG9C1TgP19VJHwx/kLgKlPwOrDYvXyLD8BobDcwgAAAA==[0m[Pipeline] {
[8mha:////4MQkaMj+PCIWw8+tNvSQ9nk365sdAAwY3qUgzw8Mp3/jAAAAph+LCAAAAAAAAP9tjTEOwjAUQ3+LOrAycohUZUVMrFEWThCaEJJG/7dJSjpxIq7GHWipxIQHy7ZkvdcbqhjgRMEwp7GzGFvLej+aObFMobt5yszRlbWEkbxmQmdBSp/XKihpWFWUsOGw1dh6ihZNgh138iFrL9HUlxTm7cihtGqAJxR8JicZ0rdMAfb3UUXCH+cvAKY+Qdk0ix2WZ/UBbwyqm8IAAAA=[0m[Pipeline] withEnv
[8mha:////4O15c1k+3gSZCzkJzcrAsUwUGR7jQGB4lpzf78vpcz7YAAAAph+LCAAAAAAAAP9tjTEOwjAUQ3+LOrAycohUwIiYukZZOEFoQkgb/V9+UtqJE3E17kBLJSY8WLYl673eUESGE7ETjcXWY6y96ELvpiQG4vYaaBANXURNGClYoeygyNhqqYqShUVZDisJa4t1oOjRJdjIRj90GTS68px42o4Scm/u8IRMTuSkOX3LyLC99SYS/jh/ATB2CfLdfrbD/Cw+y7kUycIAAAA=[0m[Pipeline] {
[8mha:////4H8RF7oYRROycWdufjp8jYBn5d31EXfGe+fkpNSEhnjGAAAApx+LCAAAAAAAAP9tjTEOwjAUQ3+LOrAycohUCDbE1DXKwglCE0La6P/yk9JOnIircQdaKjHhwbItWe/1hiIynIidaCy2HmPtRRd6NyUxELfXQINo6CJqwkjBCmUHRcZWS1WULCzKclhJWFusA0WPLsFGNvqhy6DRlefE03aUkHtzhydkciInzelbRobtrTeR8Mf5C4CxS5Dv9rMd5mfxAbNWnxXCAAAA[0m[Pipeline] stage
[8mha:////4KhWx6ll4mFUfq1x1yR/dMV8VWwWK5Aj4ViCv1OrF8wjAAAApx+LCAAAAAAAAP9tjTEOwjAUQ3+LOrAycohUSDAhpq5RFk4QmhDSRv+Xn5R24kRcjTvQUokJD5ZtyXqvNxSR4UTsRGOx9RhrL7rQuymJgbi9BhpEQxdRE0YKVig7KDK2WqqiZGFRlsNKwtpiHSh6dAk2stEPXQaNrjwnnrajhNybOzwhkxM5aU7fMjJsb72JhD/OXwCMXYJ8t5/tMD+LD5WQ+PfCAAAA[0m[Pipeline] { (Declarative: Tool Install)
[8mha:////4BGT8SAk7fwggLMcJ4F86qWFC50prrNYg4DuVrC1m7W0AAAApB+LCAAAAAAAAP9tjTEOwjAQBC9BFLSUPOIiCmgQVVrLDS8wsTFOrDtjOyQVL+Jr/IFAJCq2WO1sM88XLFOEI0eLraHOUWocBt/baeHAsbt4HrDlMzZMib1BaQbJ2tQzSs4G5hQlLASsDDWekyObYS1adVeVV2SrU47TdxBQOn2DBxRiMmcV8xfGCJtrrxPTz/NXAGPIUG53n9qHN7LjSKW+AAAA[0m[Pipeline] tool
[8mha:////4LDpEPzC67SUK+yyJj/JLn+W1sSVG5N7t9wqPkN47alnAAAApR+LCAAAAAAAAP9tjTEOwjAQBC9BFLSUPOIiCkSBqNJabniBiY1xYt0Z2yGpeBFf4w8EIlGxxWpnm3m+YJkiHDlabA11jlLjMPjeTgsHjt3F84Atn7FhSuwNSjNI1qaeUXI2MKcoYSFgZajxnBzZDGvRqruqvCJbnXKcvoOA0ukbPKAQkzmrmL8wRthce52Yfp6/AhhDhnK7+9Q+vAHz0lO8vgAAAA==[0m[Pipeline] envVarsForTool
[8mha:////4GeOvkbezv0MZGsSJqI+zUx2KyF80ktdq/6zqiNzOMbzAAAApR+LCAAAAAAAAP9tjTEOwjAQBC9BFLSUPOIiCiQkRJXWcsMLTGyME+vO2A5JxYv4Gn8gEImKLVY728zzBcsU4cjRYmuoc5Qah8H3dlo4cOwungds+YwNU2JvUJpBsjb1jJKzgTlFCQsBK0ON5+TIZliLVt1V5RXZ6pTj9B0ElE7f4AGFmMxZxfyFMcLm2uvE9PP8FcAYQoZyu//U7g1b0dOKvgAAAA==[0m[Pipeline] }
[8mha:////4LKkduQb6RhZxpaH7Rt/weP1+RAxGW1ZNVhAuB8RGRUZAAAApR+LCAAAAAAAAP9tjTEOwjAQBC9BFLSUPOIiJBqEqNJabniBiY1xYt0Z2yGpeBFf4w8EIlGxxWpnm3m+YJkiHDlabA11jlLjMPjeTgsHjt3F84Atn7FhSuwNSjNI1qaeUXI2MKcoYSFgZajxnBzZDGvRqruqvCJbnXKcvoOA0ukbPKAQkzmrmL8wRthce52Yfp6/AhhDyFBu95/avQFoMog2vgAAAA==[0m[Pipeline] // stage
[8mha:////4O1hR8SNu0IegzBs1TNKDAs+9oR4XWzGICKkLeI8LnSiAAAApx+LCAAAAAAAAP9tjT0OwjAUg1+LOrAycoiUnxF1Yo26cILQhJA0eq8kKenEibgadyBQiQkPlm3J+p4vqIKHhrxmVmFvMHSGDW7UObFEvr84SszSmXWEgZxirUotSXWca0tRwayihAWHpcLOUTCoI6y4FXdRO4G6PkWftwOH0sgbPKDgmRyFj98yeVhfRxkIf5y/AJiGCOV2n223+TyrNzgO5r/CAAAA[0m[Pipeline] withEnv
[8mha:////4GHDSXQ6l299E0qLVACm1YkMEkAdbOy8u13l0dJPyuGJAAAAph+LCAAAAAAAAP9tjTEOwjAUQ3+LOrAycogUWBFT1ygLJwhNCGmj/8tPSjtxIq7GHWipxIQHy7ZkvdcbishwInaisdh6jLUXXejdlMRA3F4DDaKhi6gJIwUrlB0UGVstVVGysCjLYSVhbbEOFD26BBvZ6Icug0ZXnhNP21FC7s0dnpDJiZw0p28ZGba33kTCH+cvAMYuQX7Yzbafn8UHbGnGmsIAAAA=[0m[Pipeline] {
[8mha:////4JDknbb8/GyINIYCcG3E8gIrA9kg14V2q6TvKS7iVqEcAAAAph+LCAAAAAAAAP9tjTEOwjAUQ3+DOrAycohUdEVMrFEXThCaEJJG/7dJSjpxIq7GHWipxIQHy7ZkvdcbyhjgRMFwp7GzGFvLez+aOfFMobt5ytzRlbeEkbzmjc4NKX1ea0NJw6qCwUbAVmPrKVo0CXbCyYesvERTXVKYt6MAZtUATyjETE4ypG+ZAuzvo4qEP85fAEx9AlYfFquXZ/kBAsTc3cIAAAA=[0m[Pipeline] stage
[8mha:////4AiZwTCzgqXsO1Wfir8ix++J5NtjvDLil091AkJ8RVzaAAAAph+LCAAAAAAAAP9tjTEOwjAUQ3+LOrAycohUKiNiYo2ycILQhJA0+r9NUtKJE3E17kBLJSY8WLYl673eUMUAJwqGOY2dxdha1vvRzIllCt3NU2aOrqwljOQ1EzoLUvq8VkFJw6qihA2HrcbWU7RoEuy4kw9Ze4mmvqQwb0cOpVUDPKHgMznJkL5lCrC/jyoS/jh/ATD1CcqmWeywPKsPpnFij8IAAAA=[0m[Pipeline] { (Checkout)
[8mha:////4NM5DwSbAHN/wZkfwh8oBqdqjugLIsd+NRNJ3fCZ9vhFAAAApB+LCAAAAAAAAP9tjTEOwjAQBC9BFLSUPOIiAR2iSmu54QUmNsaJdWdsh6TiRXyNPxCIRMUWq51t5vmCZYpw5GixNdQ5So3D4Hs7LRw4dhfPA7Z8xoYpsTcozSBZm3pGydnAnKKEhYCVocZzcmQzrEWr7qryimx1ynH6DgJKp2/wgEJM5qxi/sIYYXPtdWL6ef4KYAwZyu3uU/vwBrANZ3i+AAAA[0m[Pipeline] tool
[8mha:////4DRUwVJ0ZwMMbLq0/RohWVLgvchoPrNvXdJgklhy3zTGAAAApB+LCAAAAAAAAP9tjTEOwjAQBC9BFLSUPOIigagQVVrLDS8wsTFOrDtjOyQVL+Jr/IFAJCq2WO1sM88XLFOEI0eLraHOUWocBt/baeHAsbt4HrDlMzZMib1BaQbJ2tQzSs4G5hQlLASsDDWekyObYS1adVeVV2SrU47TdxBQOn2DBxRiMmcV8xfGCJtrrxPTz/NXAGPIUG53n9qHN/E8fGG+AAAA[0m[Pipeline] envVarsForTool
[8mha:////4DBxZeOaF76beU6yx9znqj3XTWO1pKF/dsZJ+YT65femAAAAqB+LCAAAAAAAAP9tjTEOwjAUQ3+LOrAycohUAokFMXWNsnCC0ISQNvq//KS0EyfiatyBlkpMeLBsS9Z7vaGIDCdiJxqLrcdYe9GF3k1JDMTtNdAgGrqImjBSsELZQZGx1VIVJQuLshxWEtYW60DRo0uwkY1+6DJodOU58bQdJeTe3OEJmZzISXP6lpFhe+tNJPxx/gJg7BLku/1sh/lZfADVPyEewgAAAA==[0m[Pipeline] withEnv
[8mha:////4LZpA3D7d3HdOshylGQQsAcdQKew7oXSxUKSRYHR/7mpAAAAqB+LCAAAAAAAAP9tjTEOwjAUQ3+LOrAycohUYoABMXWNsnCC0ISQNvq//KS0EyfiatyBlkpMeLBsS9Z7vaGIDCdiJxqLrcdYe9GF3k1JDMTtNdAgGrqImjBSsELZQZGx1VIVJQuLshxWEtYW60DRo0uwkY1+6DJodOU58bQdJeTe3OEJmZzISXP6lpFhe+tNJPxx/gJg7BLku/1sh/lZfAAyQCqkwgAAAA==[0m[Pipeline] {
[8mha:////4Ly9ecSETy11JqIQFkv+5Tf/Kqt16U9nwTTOngkYAx5HAAAAqB+LCAAAAAAAAP9tjTEOwjAUQ3+LOrAycohUYgEJMXWNsnCC0ISQNvq//KS0EyfiatyBlkpMeLBsS9Z7vaGIDCdiJxqLrcdYe9GF3k1JDMTtNdAgGrqImjBSsELZQZGx1VIVJQuLshxWEtYW60DRo0uwkY1+6DJodOU58bQdJeTe3OEJmZzISXP6lpFhe+tNJPxx/gJg7BLku/1sh/lZfAAnLfKUwgAAAA==[0m[Pipeline] script
[8mha:////4MHBEG7APn/XgfYNBlagpTLqynB0cvAId4uIv3I+nuBHAAAApx+LCAAAAAAAAP9tjTEOwjAUQ3+LOrAycohUYgIhpq5RFk4QmhDSRv+Xn5R24kRcjTvQUokJD5ZtyXqvNxSR4UTsRGOx9RhrL7rQuymJgbi9BhpEQxdRE0YKVig7KDK2WqqiZGFRlsNKwtpiHSh6dAk2stEPXQaNrjwnnrajhNybOzwhkxM5aU7fMjJsb72JhD/OXwCMXYJ8t5/tMD+LD0QKVszCAAAA[0m[Pipeline] {
[8mha:////4PFr05tq29yM114GiVA3kkmHqMvhg7W8+sPZEQGKIpdwAAAApR+LCAAAAAAAAP9tjTEOwjAQBC9BFLSUPOKCoEIoFa3lhheYxBgn1l2wHZyKF/E1/oBFJCq2WO1sM683LIOHmr3BTlNvKTQWBzeavDCx76+OE3Z8wYYpsNModZLc6tOMkqOGOUUJCwErTY3jYMlEWItOPVTlFJnqHH3+jgJK297hCYXI5qh8/MLkYXMb28D08/wVwDREKHeHXPvt8AHN/bm5vgAAAA==[0m[Pipeline] echo
Checking out branch: featue/sprint2/maxin/CDCNT-38
[8mha:////4MQJTYJquUUxpP8BrDTZFn3xBFF1GoQnKhOD4sfkLdgbAAAApR+LCAAAAAAAAP9tjTEOwjAQBC9BFLSUPOIioEIoFa3lhheYxBgn1l2wHZyKF/E1/oBFJCq2WO1sM683LIOHmr3BTlNvKTQWBzeavDCx76+OE3Z8wYYpsNModZLc6tOMkqOGOUUJCwErTY3jYMlEWItOPVTlFJnqHH3+jgJK297hCYXI5qh8/MLkYXMb28D08/wVwDREKHeHXPvt8AGMzKKgvgAAAA==[0m[Pipeline] git
Selected Git installation does not exist. Using Default
The recommended git tool is: NONE
using credential github-pat
 > git rev-parse --resolve-git-dir /var/jenkins_home/workspace/CodeConnectBackend/backend/.git # timeout=10
Fetching changes from the remote Git repository
 > git config remote.origin.url https://github.com/NUS-ISS-SWE/code-connect-backend.git # timeout=10
Fetching upstream changes from https://github.com/NUS-ISS-SWE/code-connect-backend.git
 > git --version # timeout=10
 > git --version # 'git version 2.39.5'
using GIT_ASKPASS to set credentials 
 > git fetch --tags --force --progress -- https://github.com/NUS-ISS-SWE/code-connect-backend.git +refs/heads/*:refs/remotes/origin/* # timeout=10
 > git rev-parse refs/remotes/origin/featue/sprint2/maxin/CDCNT-38^{commit} # timeout=10
Checking out Revision e6431ffaf76d39478311f31a6a87f0b6c71bfe1b (refs/remotes/origin/featue/sprint2/maxin/CDCNT-38)
 > git config core.sparsecheckout # timeout=10
 > git checkout -f e6431ffaf76d39478311f31a6a87f0b6c71bfe1b # timeout=10
 > git branch -a -v --no-abbrev # timeout=10
 > git branch -D featue/sprint2/maxin/CDCNT-38 # timeout=10
 > git checkout -b featue/sprint2/maxin/CDCNT-38 e6431ffaf76d39478311f31a6a87f0b6c71bfe1b # timeout=10
Commit message: "update jenkin files"
[8mha:////4NW8k+q8VTnUfNHA5FgoiY+PxQMT0iy/mmj/xB8e7Xe7AAAApR+LCAAAAAAAAP9tjTEOwjAQBC9BFLSUPOIihQohqrRWGl5gYmOcWHfGdkgqXsTX+AMWkajYYrWzzbzesI4BThwM9poGS7Gz6N1o8sKJw3B1PGHPF+yYIjuNrZ5aVrpZsOWkYUlRwkrARlPnOFoyCbailw9ZOUmmOqeQv6OA0qo7PKEQ2ZxkSF+YA+xuo4pMP89fAczeJyj3da768AH8/EyevgAAAA==[0m[Pipeline] }
[8mha:////4G7vgD8kEhrFBeGGUks0uLoaF+5QTrU3N22CHRrVAHESAAAApR+LCAAAAAAAAP9tjTEOwjAQBC9BFLSUPMKRSIOEqNJaaXiBiQ/jxLoztkNS8SK+xh+wiETFFqudbeb1hnUMcOJgRI80WIqdFd6NJi8xcRiujifR80V0TJEdihanljU2C7acEJYUJawkbJA6x9GSSbCVvXqoyiky1TmF/B0llFbf4QmFzOakQvrCHGB3G3Vk+nn+CmD2PkFZ17n2hw/PHxcivgAAAA==[0m[Pipeline] // script
[8mha:////4Pt/n4ZVTvY7siUx1Z5cf03a1Cw1xA3RWFANuuD1bfdGAAAAph+LCAAAAAAAAP9tjTEOwjAQBC9BFLSUPOIiARIFSkVrueEFJjHGiXUXbAen4kV8jT9gEYmKLVY728zrDcvgoWZvsNPUWwqNxcGNJi9M7Pur44QdX7BhCuw0Sp0kt/o0o+SoYU5RwkLASlPjOFgyEdaiUw9VOUWmOkefv6OA0rZ3eEIhsjkqH78wedjcxjYw/Tx/BTANQ4Ryt8+1PXwA5jKtr74AAAA=[0m[Pipeline] }
[8mha:////4LdfcqiZvCQvBCtcQmyhZUJU3qQ2pwyAgN644NQbd1CCAAAApR+LCAAAAAAAAP9tjTEOwjAQBC9BFLSUPOIigaBBqWgtN7zAJMY4se6C7eBUvIiv8QcsIlGxxWpnm3m9YRk81OwNdpp6S6GxOLjR5IWJfX91nLDjCzZMgZ1GqZPkVp9mlBw1zClKWAhYaWocB0smwlp06qEqp8hU5+jzdxRQ2vYOTyhENkfl4xcmD5vb2Aamn+evAKZhiFDu9rm2hw/V0fYTvgAAAA==[0m[Pipeline] // withEnv
[8mha:////4Gni/pkoNOeZEW8Lp68J877Y5tdcH1k1R12qFT5kFkRqAAAApR+LCAAAAAAAAP9tjTEOwjAQBC9BFLSUPMKRiESDqNJaaXiBiQ/jxLoztkNS8SK+xh+wiETFFqudbeb1hnUMcOJgRI80WIqdFd6NJi8xcRiujifR80V0TJEdihanljU2C7acEJYUJawkbJA6x9GSSbCVvXqoyiky1TmF/B0llFbf4QmFzOakQvrCHGB3G3Vk+nn+CmD2PkFZH3Lt6w/0VwjlvgAAAA==[0m[Pipeline] }
[8mha:////4OWg4R43yYyZTitcK7X7gdKcfR/Xb0bas9dytjqIxpYBAAAApR+LCAAAAAAAAP9tjTEOwjAQBC9BFLSUPOIihYICUaW10vACExvjxLoztkNS8SK+xh+wiETFFqudbeb1hnUMcOJgsNc0WIqdRe9GkxdOHIar4wl7vmDHFNlpbPXUstLNgi0nDUuKElYCNpo6x9GSSbAVvXzIykky1TmF/B0FlFbd4QmFyOYkQ/rCHGB3G1Vk+nn+CmD2PkG5P+Sq6w/HtFNZvgAAAA==[0m[Pipeline] // stage
[8mha:////4Bntg1n02ZizDFOBR/aVMr9ma+2+wRwY01QCyp5StuuHAAAAqB+LCAAAAAAAAP9tjTEOwjAUQ3+LOrAycohUwIKEOrFGXThBaEJIGv1fkpR04kRcjTsQqMSEB8u2ZL3nC6rgoSGvmVXYGwydYYMbdU4ske8vjhKzdGYdYSCnWKtSS1Id59pSVDCrKGHBYamwcxQM6ggrbsVd1E6grk/R5+3AoTTyBg8oeCZH4eO3TB7W11EGwh/nLwCmIUK53WTb7T/P6g3Q7DDawgAAAA==[0m[Pipeline] stage
[8mha:////4GyKpMY6IcAx5iqVkYEpD1zDKF6Vt3JO1qotJ7+Ip7T/AAAApx+LCAAAAAAAAP9tjTEOwjAUQ3+LOrAycoh0YAEhpq5RFk4QmhDSRv+Xn5R24kRcjTvQUokJD5ZtyXqvNxSR4UTsRGOx9RhrL7rQuymJgbi9BhpEQxdRE0YKVig7KDK2WqqiZGFRlsNKwtpiHSh6dAk2stEPXQaNrjwnnrajhNybOzwhkxM5aU7fMjJsb72JhD/OXwCMXYJ8t5/tMD+LD59NhPHCAAAA[0m[Pipeline] { (Build)
[8mha:////4BjmIJN8zBsguKvLMHY7VQclPc27HWAZsmr3a3affdR6AAAApR+LCAAAAAAAAP9tjTEOwjAQBC9BFLSUPOKCBA1CqWgtN7zAJMY4se6C7eBUvIiv8QcsIlGxxWpnm3m9YRk81OwNdpp6S6GxOLjR5IWJfX91nLDjCzZMgZ1GqZPkVp9mlBw1zClKWAhYaWocB0smwlp06qEqp8hU5+jzdxRQ2vYOTyhENkfl4xcmD5vb2Aamn+evAKYhQrk75Npvhw/W61xwvgAAAA==[0m[Pipeline] tool
[8mha:////4GbZ5Q9Q25KbYao7kKnq9rHtRFiPEjAZohCeUu4hXRbKAAAApR+LCAAAAAAAAP9tjTEOwjAQBC9BFLSUPOIiBA1CqWgtN7zAJMY4se6C7eBUvIiv8QcsIlGxxWpnm3m9YRk81OwNdpp6S6GxOLjR5IWJfX91nLDjCzZMgZ1GqZPkVp9mlBw1zClKWAhYaWocB0smwlp06qEqp8hU5+jzdxRQ2vYOTyhENkfl4xcmD5vb2Aamn+evAKYhQrk75Npvhw+X2kdpvgAAAA==[0m[Pipeline] envVarsForTool
[8mha:////4JbHGB66bSV7C8zgpRPgmf8NUW+jXIVPzDcT0hU6edf2AAAAqB+LCAAAAAAAAP9tjTEOwjAUQ3+LOrAycohUAhaEOrFGXThBaEJIGv1fkpR04kRcjTsQqMSEB8u2ZL3nC6rgoSGvmVXYGwydYYMbdU4ske8vjhKzdGYdYSCnWKtSS1Id59pSVDCrKGHBYamwcxQM6ggrbsVd1E6grk/R5+3AoTTyBg8oeCZH4eO3TB7W11EGwh/nLwCmIUK53WfbbT7P6g0SXGqfwgAAAA==[0m[Pipeline] withEnv
[8mha:////4Co4iRU6xfzzjBgzFP2zFh/v93tYrpdeBQKlgfY9ctBUAAAApx+LCAAAAAAAAP9tjTEOwjAUQ3+LOrAycohUAjbE1DXKwglCE0La6P/yk9JOnIircQdaKjHhwbItWe/1hiIynIidaCy2HmPtRRd6NyUxELfXQINo6CJqwkjBCmUHRcZWS1WULCzKclhJWFusA0WPLsFGNvqhy6DRlefE03aUkHtzhydkciInzelbRobtrTeR8Mf5C4CxS5AfdrPt52fxAXzhjwPCAAAA[0m[Pipeline] {
[8mha:////4D3XCNQeZGf74r2DNGTScuxylsq7KHkauMY5JCQwnY5oAAAAph+LCAAAAAAAAP9tjTEOwjAUQ3+DOrAycoh0oBtiYo26cILQhJA0+r9NUtKJE3E17kBLJSY8WLYl673eUMYAJwqGO42dxdha3vvRzIlnCt3NU+aOrrwljOQ1b3RuSOnzWhtKGlYVDDYCthpbT9GiSbATTj5k5SWa6pLCvB0FMKsGeEIhZnKSIX3LFGB/H1Uk/HH+AmDqE7D6sFi9PMsPBA4E38IAAAA=[0m[Pipeline] script
[8mha:////4HTBdyrC9Dyw7nFWPj3/nYqHNNt7dD1EBaFVMdPrFt8cAAAAph+LCAAAAAAAAP9tjTEOwjAUQ3+LOrAycoh0KRNiYo2ycILQhJA0+r9NUtKJE3E17kBLJSY8WLYl673eUMUAJwqGOY2dxdha1vvRzIllCt3NU2aOrqwljOQ1EzoLUvq8VkFJw6qihA2HrcbWU7RoEuy4kw9Ze4mmvqQwb0cOpVUDPKHgMznJkL5lCrC/jyoS/jh/ATD1CcqmWeywPKsPIshjPcIAAAA=[0m[Pipeline] {
[8mha:////4CVZuP8XTiuDeZrfhi4jc3TAt40dOfVysagFZ8t9nt2AAAAApB+LCAAAAAAAAP9tjTEOwjAQBC9BFLSUPOLSAA2iSmu54QUmNsaJdWdsh6TiRXyNPxCIRMUWq51t5vmCZYpw5GixNdQ5So3D4Hs7LRw4dhfPA7Z8xoYpsTcozSBZm3pGydnAnKKEhYCVocZzcmQzrEWr7qryimx1ynH6DgJKp2/wgEJM5qxi/sIYYXPtdWL6ef4KYAwZyu3uU/vwBj0vY+u+AAAA[0m[Pipeline] echo
Building microservice: codeconnect-user-management-service
[8mha:////4JLz7K9gpsG+oyx54r5vlStq4sa0v0oJ01OjhOhmQ9zVAAAApB+LCAAAAAAAAP9tjTEOwjAQBC9BFLSUPOLSgCgQVVrLDS8wsTFOrDtjOyQVL+Jr/IFAJCq2WO1sM88XLFOEI0eLraHOUWocBt/baeHAsbt4HrDlMzZMib1BaQbJ2tQzSs4G5hQlLASsDDWekyObYS1adVeVV2SrU47TdxBQOn2DBxRiMmcV8xfGCJtrrxPTz/NXAGPIUG53n9qHN3weePK+AAAA[0m[Pipeline] sh
+ mvn -version
Apache Maven 3.9.9 (8e8579a9e76f7d015ee5ec7bfcdc97d260186937)
Maven home: /var/jenkins_home/tools/hudson.tasks.Maven_MavenInstallation/Maven_3
Java version: 21.0.6, vendor: Eclipse Adoptium, runtime: /opt/java/openjdk
Default locale: en, platform encoding: UTF-8
OS name: "linux", version: "5.15.167.4-microsoft-standard-wsl2", arch: "amd64", family: "unix"
[8mha:////4EOH/yCR0g+Q99OyxDrnL1nHzsS1x1FgzhrYqWsWD5UsAAAApR+LCAAAAAAAAP9tjTEOwjAQBC9BFLSUPOLSgISEqNJabniBiY1xYt0Z2yGpeBFf4w8EIlGxxWpnm3m+YJkiHDlabA11jlLjMPjeTgsHjt3F84Atn7FhSuwNSjNI1qaeUXI2MKcoYSFgZajxnBzZDGvRqruqvCJbnXKcvoOA0ukbPKAQkzmrmL8wRthce52Yfp6/AhhDhnK7+9Q+vAGzAuB1vgAAAA==[0m[Pipeline] sh
+ cd codeconnect-user-management-service
+ mvn clean verify
[INFO] Scanning for projects...
[INFO] 
[INFO] ----------< com.nus.iss:codeconnect-user-management-service >-----------
[INFO] Building codeconnect-user-management-service 0.0.1-SNAPSHOT
[INFO]   from pom.xml
[INFO] --------------------------------[ jar ]---------------------------------
[INFO] 
[INFO] --- clean:3.4.0:clean (default-clean) @ codeconnect-user-management-service ---
[INFO] Deleting /var/jenkins_home/workspace/CodeConnectBackend/backend/codeconnect-user-management-service/target
[INFO] 
[INFO] --- resources:3.3.1:resources (default-resources) @ codeconnect-user-management-service ---
[INFO] Copying 1 resource from src/main/resources to target/classes
[INFO] 
[INFO] --- compiler:3.13.0:compile (default-compile) @ codeconnect-user-management-service ---
[INFO] Recompiling the module because of changed source code.
[INFO] Compiling 8 source files with javac [debug parameters release 21] to target/classes
[INFO] 
[INFO] --- resources:3.3.1:testResources (default-testResources) @ codeconnect-user-management-service ---
[INFO] skip non existing resourceDirectory /var/jenkins_home/workspace/CodeConnectBackend/backend/codeconnect-user-management-service/src/test/resources
[INFO] 
[INFO] --- compiler:3.13.0:testCompile (default-testCompile) @ codeconnect-user-management-service ---
[INFO] Recompiling the module because of changed dependency.
[INFO] Compiling 3 source files with javac [debug parameters release 21] to target/test-classes
[INFO] 
[INFO] --- surefire:3.5.2:test (default-test) @ codeconnect-user-management-service ---
[INFO] Using auto detected provider org.apache.maven.surefire.junitplatform.JUnitPlatformProvider
[INFO] 
[INFO] -------------------------------------------------------
[INFO]  T E S T S
[INFO] -------------------------------------------------------
[INFO] Running com.nus.iss.appuser.service.impl.AppUserServiceImplTest
Mockito is currently self-attaching to enable the inline-mock-maker. This will no longer work in future releases of the JDK. Please add Mockito as an agent to your build what is described in Mockito's documentation: https://javadoc.io/doc/org.mockito/mockito-core/latest/org/mockito/Mockito.html#0.3
WARNING: A Java agent has been loaded dynamically (/var/jenkins_home/.m2/repository/net/bytebuddy/byte-buddy-agent/1.15.11/byte-buddy-agent-1.15.11.jar)
WARNING: If a serviceability tool is in use, please run with -XX:+EnableDynamicAgentLoading to hide this warning
WARNING: If a serviceability tool is not in use, please run with -Djdk.instrument.traceUsage for more information
WARNING: Dynamic loading of agents will be disallowed by default in a future release
[INFO] Tests run: 2, Failures: 0, Errors: 0, Skipped: 0, Time elapsed: 0.790 s -- in com.nus.iss.appuser.service.impl.AppUserServiceImplTest
[INFO] Running com.nus.iss.appuser.repository.AppUserRepositoryTest
14:07:24.350 [main] INFO org.springframework.test.context.support.AnnotationConfigContextLoaderUtils -- Could not detect default configuration classes for test class [com.nus.iss.appuser.repository.AppUserRepositoryTest]: AppUserRepositoryTest does not declare any static, non-private, non-final, nested classes annotated with @Configuration.
14:07:24.416 [main] INFO org.springframework.boot.test.context.SpringBootTestContextBootstrapper -- Found @SpringBootConfiguration com.nus.iss.Main for test class com.nus.iss.appuser.repository.AppUserRepositoryTest

  .   ____          _            __ _ _
 /\\ / ___'_ __ _ _(_)_ __  __ _ \ \ \ \
( ( )\___ | '_ | '_| | '_ \/ _` | \ \ \ \
 \\/  ___)| |_)| | | | | || (_| |  ) ) ) )
  '  |____| .__|_| |_|_| |_\__, | / / / /
 =========|_|==============|___/=/_/_/_/

 :: Spring Boot ::                (v3.4.2)

2025-02-27T14:07:24.644Z  INFO 482 --- [codeconnect-user-management-service] [           main] c.n.i.a.r.AppUserRepositoryTest          : Starting AppUserRepositoryTest using Java 21.0.6 with PID 482 (started by jenkins in /var/jenkins_home/workspace/CodeConnectBackend/backend/codeconnect-user-management-service)
2025-02-27T14:07:24.646Z  INFO 482 --- [codeconnect-user-management-service] [           main] c.n.i.a.r.AppUserRepositoryTest          : No active profile set, falling back to 1 default profile: "default"
2025-02-27T14:07:24.835Z  INFO 482 --- [codeconnect-user-management-service] [           main] .s.d.r.c.RepositoryConfigurationDelegate : Bootstrapping Spring Data JPA repositories in DEFAULT mode.
2025-02-27T14:07:24.863Z  INFO 482 --- [codeconnect-user-management-service] [           main] .s.d.r.c.RepositoryConfigurationDelegate : Finished Spring Data repository scanning in 23 ms. Found 1 JPA repository interface.
2025-02-27T14:07:24.893Z  INFO 482 --- [codeconnect-user-management-service] [           main] beddedDataSourceBeanFactoryPostProcessor : Replacing 'dataSource' DataSource bean with embedded version
2025-02-27T14:07:24.969Z  INFO 482 --- [codeconnect-user-management-service] [           main] o.s.j.d.e.EmbeddedDatabaseFactory        : Starting embedded database: url='jdbc:h2:mem:1e6a3a92-9509-4ad8-813c-a78ff91bbadd;DB_CLOSE_DELAY=-1;DB_CLOSE_ON_EXIT=false', username='sa'
2025-02-27T14:07:25.113Z  INFO 482 --- [codeconnect-user-management-service] [           main] o.hibernate.jpa.internal.util.LogHelper  : HHH000204: Processing PersistenceUnitInfo [name: default]
2025-02-27T14:07:25.139Z  INFO 482 --- [codeconnect-user-management-service] [           main] org.hibernate.Version                    : HHH000412: Hibernate ORM core version 6.6.5.Final
2025-02-27T14:07:25.156Z  INFO 482 --- [codeconnect-user-management-service] [           main] o.h.c.internal.RegionFactoryInitiator    : HHH000026: Second-level cache disabled
2025-02-27T14:07:25.211Z  INFO 482 --- [codeconnect-user-management-service] [           main] o.s.o.j.p.SpringPersistenceUnitInfo      : No LoadTimeWeaver setup: ignoring JPA class transformer
2025-02-27T14:07:25.235Z  WARN 482 --- [codeconnect-user-management-service] [           main] org.hibernate.orm.deprecation            : HHH90000025: H2Dialect does not need to be specified explicitly using 'hibernate.dialect' (remove the property setting and it will be selected by default)
2025-02-27T14:07:25.245Z  INFO 482 --- [codeconnect-user-management-service] [           main] org.hibernate.orm.connections.pooling    : HHH10001005: Database info:
	Database JDBC URL [Connecting through datasource 'org.springframework.jdbc.datasource.embedded.EmbeddedDatabaseFactory$EmbeddedDataSourceProxy@764db16c']
	Database driver: undefined/unknown
	Database version: 2.3.232
	Autocommit mode: undefined/unknown
	Isolation level: undefined/unknown
	Minimum pool size: undefined/unknown
	Maximum pool size: undefined/unknown
2025-02-27T14:07:25.530Z  INFO 482 --- [codeconnect-user-management-service] [           main] o.h.e.t.j.p.i.JtaPlatformInitiator       : HHH000489: No JTA platform available (set 'hibernate.transaction.jta.platform' to enable JTA platform integration)
Hibernate: create table app_user (id bigint generated by default as identity, password varchar(255), role varchar(255), username varchar(255), primary key (id))
2025-02-27T14:07:25.557Z  INFO 482 --- [codeconnect-user-management-service] [           main] j.LocalContainerEntityManagerFactoryBean : Initialized JPA EntityManagerFactory for persistence unit 'default'
2025-02-27T14:07:25.737Z  INFO 482 --- [codeconnect-user-management-service] [           main] c.n.i.a.r.AppUserRepositoryTest          : Started AppUserRepositoryTest in 1.295 seconds (process running for 2.704)
Hibernate: insert into app_user (password,role,username,id) values (?,?,?,default)
Hibernate: select au1_0.id,au1_0.password,au1_0.role,au1_0.username from app_user au1_0 where au1_0.username=?
[INFO] Tests run: 1, Failures: 0, Errors: 0, Skipped: 0, Time elapsed: 1.584 s -- in com.nus.iss.appuser.repository.AppUserRepositoryTest
[INFO] Running com.nus.iss.appuser.controller.AppUserControllerTest
2025-02-27T14:07:25.930Z  INFO 482 --- [codeconnect-user-management-service] [           main] o.s.mock.web.MockServletContext          : Initializing Spring TestDispatcherServlet ''
2025-02-27T14:07:25.930Z  INFO 482 --- [codeconnect-user-management-service] [           main] o.s.t.web.servlet.TestDispatcherServlet  : Initializing Servlet ''
2025-02-27T14:07:25.931Z  INFO 482 --- [codeconnect-user-management-service] [           main] o.s.t.web.servlet.TestDispatcherServlet  : Completed initialization in 1 ms
[INFO] Tests run: 1, Failures: 0, Errors: 0, Skipped: 0, Time elapsed: 0.174 s -- in com.nus.iss.appuser.controller.AppUserControllerTest
[INFO] 
[INFO] Results:
[INFO] 
[INFO] Tests run: 4, Failures: 0, Errors: 0, Skipped: 0
[INFO] 
[INFO] 
[INFO] --- jar:3.4.2:jar (default-jar) @ codeconnect-user-management-service ---
[INFO] Building jar: /var/jenkins_home/workspace/CodeConnectBackend/backend/codeconnect-user-management-service/target/codeconnect-user-management-service-0.0.1-SNAPSHOT.jar
[INFO] 
[INFO] --- spring-boot:3.4.2:repackage (repackage) @ codeconnect-user-management-service ---
[INFO] Replacing main artifact /var/jenkins_home/workspace/CodeConnectBackend/backend/codeconnect-user-management-service/target/codeconnect-user-management-service-0.0.1-SNAPSHOT.jar with repackaged archive, adding nested dependencies in BOOT-INF/.
[INFO] The original artifact has been renamed to /var/jenkins_home/workspace/CodeConnectBackend/backend/codeconnect-user-management-service/target/codeconnect-user-management-service-0.0.1-SNAPSHOT.jar.original
[INFO] ------------------------------------------------------------------------
[INFO] BUILD SUCCESS
[INFO] ------------------------------------------------------------------------
[INFO] Total time:  5.205 s
[INFO] Finished at: 2025-02-27T14:07:26Z
[INFO] ------------------------------------------------------------------------
[8mha:////4KumFWJkmWNqQ8qwwD313tofJVbS6XKFyKsSEgOlCCKfAAAApB+LCAAAAAAAAP9tjTEOwjAQBC9BFLSUPOLSQIEQVVrLDS8wsTFOrDtjOyQVL+Jr/IFAJCq2WO1sM88XLFOEI0eLraHOUWocBt/baeHAsbt4HrDlMzZMib1BaQbJ2tQzSs4G5hQlLASsDDWekyObYS1adVeVV2SrU47TdxBQOn2DBxRiMmcV8xfGCJtrrxPTz/NXAGMIGcrt/lO7NxzZwG6+AAAA[0m[Pipeline] }
[8mha:////4FSjQNYp9xtLAu+034ammJ75we15r8pPLdno4w/1FibqAAAApB+LCAAAAAAAAP9tjTEOwjAQBC9BFLSUPMKhCBWiSmul4QUmPowT687YDknFi/gaf8AiEhVbrHa2mdcb1jHAiYMRPdJgKXZWeDeavMTEYbg6nkTPF9ExRXYoWpxa1tgs2HJCWFKUsJKwQeocR0smwVb26qEqp8hU5xTyd5RQWn2HJxQym5MK6QtzgN1t1JHp5/krgNn7BOVhn6uuP/azv5i+AAAA[0m[Pipeline] // script
[8mha:////4A6h0LxIEov4ZBBK9o8gQGyFcu95gwRgFG4UDDZmq4lLAAAApR+LCAAAAAAAAP9tjTEOwjAQBC9BFLSUPOIiBFQoFa3lhheYxBgn1l2wHZyKF/E1/oBFJCq2WO1sM683LIOHmr3BTlNvKTQWBzeavDCx76+OE3Z8wYYpsNModZLc6tOMkqOGOUUJCwErTY3jYMlEWItOPVTlFJnqHH3+jgJK297hCYXI5qh8/MLkYXMb28D08/wVwDQMEcrDNtd+9wHw9YfNvgAAAA==[0m[Pipeline] }
[8mha:////4KVYQBOoTFxQaVO149Hdphe1sTBC4ehoeC61Xj+Bm4TgAAAApR+LCAAAAAAAAP9tjTEOwjAQBC9BFLSUPOIiRVAhqrRWGl5gYmOcWHfGdkgqXsTX+AMWkajYYrWzzbzesI4BThwM9poGS7Gz6N1o8sKJw3B1PGHPF+yYIjuNrZ5aVrpZsOWkYUlRwkrARlPnOFoyCbailw9ZOUmmOqeQv6OA0qo7PKEQ2ZxkSF+YA+xuo4pMP89fAczeJygPda59/QHItxQ8vgAAAA==[0m[Pipeline] // withEnv
[8mha:////4OkyxV7KUojjBTuf0ohVC9HW48uJSyy2wKED+/UG242oAAAApR+LCAAAAAAAAP9tjTEOwjAQBC9BFLSUPOJSRBQIUaW10vACExvjxLoztkNS8SK+xh+wiETFFqudbeb1hnUMcOJgsNc0WIqdRe9GkxdOHIar4wl7vmDHFNlpbPXUstLNgi0nDUuKElYCNpo6x9GSSbAVvXzIykky1TmF/B0FlFbd4QmFyOYkQ/rCHGB3G1Vk+nn+CmD2PkG5r3PVhw8iK9svvgAAAA==[0m[Pipeline] }
[8mha:////4A/wjX+vVXYe7Yhwpi6rmX/fbzEGFyK+9aVLUE4p1DNmAAAAph+LCAAAAAAAAP9tjTEOwjAQBC9BFLSUPOJSABISSkVrueEFJjHGiXUXbAen4kV8jT9gEYmKLVY728zrDcvgoWZvsNPUWwqNxcGNJi9M7Pur44QdX7BhCuw0Sp0kt/o0o+SoYU5RwkLASlPjOFgyEdaiUw9VOUWmOkefv6OA0rZ3eEIhsjkqH78wedjcxjYw/Tx/BTANQ4Ryv8u1PXwADCvZRb4AAAA=[0m[Pipeline] // stage
[8mha:////4A0FVCr4ADZlKRq1ZHXg0+L0g+ot4Xy5h/SyJOf674D3AAAAqB+LCAAAAAAAAP9tjTEOwjAUQ3+LOrAycohUIHVCTF2jLJwgJCGkjf4vSUo7cSKuxh0IVGLCg2Vbst7zBVUMcKRgWWewdxiVY4MfbU5sotBfPE2sozNThJG8YcJMgrRplyooGVhUlLDisDaoPEWHNsGGd/Iuay/R1qcU8nbgUDp9gwcUPJOTDOlb5gDb66gj4Y/zFwDzkKDc77I1zedZvQE0yn4FwgAAAA==[0m[Pipeline] stage
[8mha:////4HEBawMy0STkAm3cKumRiSdrXiFVd+1XAuw8O/n5CLGnAAAAph+LCAAAAAAAAP9tjTEOwjAUQ3+LOrAycoh0KgtiYo2ycILQhJA0+r9NUtKJE3E17kBLJSY8WLYl673eUMUAJwqGOY2dxdha1vvRzIllCt3NU2aOrqwljOQ1EzoLUvq8VkFJw6qihA2HrcbWU7RoEuy4kw9Ze4mmvqQwb0cOpVUDPKHgMznJkL5lCrC/jyoS/jh/ATD1CcqmWeywPKsPlyKrR8IAAAA=[0m[Pipeline] { (Test & Quality Checks)
Stage "Test & Quality Checks" skipped due to when conditional
[8mha:////4PkouTCYWjiweLGBnMDFy5/U6oF7g/Y1AV0slyEVK3wKAAAApB+LCAAAAAAAAP9tjTEOwjAQBC9BFLSUPOJSAQWiSmu54QUmNsaJdWdsh6TiRXyNPxCIRMUWq51t5vmCZYpw5GixNdQ5So3D4Hs7LRw4dhfPA7Z8xoYpsTcozSBZm3pGydnAnKKEhYCVocZzcmQzrEWr7qryimx1ynH6DgJKp2/wgEJM5qxi/sIYYXPtdWL6ef4KYAwZyu3uU/vwBkhu+A6+AAAA[0m[Pipeline] getContext
[8mha:////4LJ4gZP2uvxqpiaOFgsS83LiUgIALVCWFCdrc0JImXkwAAAApB+LCAAAAAAAAP9tjTEOwjAQBC9BFLSUPOJSgZAQVVrLDS8wsTFOrDtjOyQVL+Jr/IFAJCq2WO1sM88XLFOEI0eLraHOUWocBt/baeHAsbt4HrDlMzZMib1BaQbJ2tQzSs4G5hQlLASsDDWekyObYS1adVeVV2SrU47TdxBQOn2DBxRiMmcV8xfGCJtrrxPTz/NXAGMIGcrt/lO7N/Zh+YO+AAAA[0m[Pipeline] }
[8mha:////4BJkj0eCmMuI5/PsY4NyNKyaIl9wxGfD6G59nKzaR7aHAAAAox+LCAAAAAAAAP9tjTESwiAURH/iWNhaeghSpXAcK1uGxhNggghh/idAJJUn8mreQTQzVm6xs2+b93zBOgY4UtDMKhwMxs4w7yZdFssUhqujzCxdWEcYySkmVBbUq9OCgpKCJVUNKw4bhZ2jaFAn2HIr77JxEnVzTqF8Bw616Ud4QMWLOcmQvjAH2N2mPhL+PH8FMHufoG73n2rf6eOs0b4AAAA=[0m[Pipeline] // stage
[8mha:////4PSOzoTAwTZsdLN47jZfvcRdevcYyz38UT0hctho8NOKAAAAqB+LCAAAAAAAAP9tjTEOwjAUQ3+LOrAycogUGFhQJ9aoCycITQhJo/9LkpJOnIircQcClZjwYNmWrPd8QRU8NOQ1swp7g6EzbHCjzokl8v3FUWKWzqwjDOQUa1VqSarjXFuKCmYVJSw4LBV2joJBHWHFrbiL2gnU9Sn6vB04lEbe4AEFz+QofPyWycP6OspA+OP8BcA0RCh322z7zedZvQEaQVtkwgAAAA==[0m[Pipeline] stage
[8mha:////4MbsDsnLSLCno3LKfpo8X4+nNCtKGqunOizMVyR+Dr89AAAApx+LCAAAAAAAAP9tjTEOwjAUQ3+LOrAycogUFhbE1DXKwglCE0La6P/yk9JOnIircQdaKjHhwbItWe/1hiIynIidaCy2HmPtRRd6NyUxELfXQINo6CJqwkjBCmUHRcZWS1WULCzKclhJWFusA0WPLsFGNvqhy6DRlefE03aUkHtzhydkciInzelbRobtrTeR8Mf5C4CxS5AfdrPt52fxAQB2j23CAAAA[0m[Pipeline] { (Build Docker Image)
[8mha:////4Bb8OJRrWMwRUZ1QI26/3CXDneukKyZMo6rKGArsAzB5AAAApB+LCAAAAAAAAP9tjTEOwjAQBC9BFLSUPOIiKGgQVVrLDS8wsTFOrDtjOyQVL+Jr/IFAJCq2WO1sM88XLFOEI0eLraHOUWocBt/baeHAsbt4HrDlMzZMib1BaQbJ2tQzSs4G5hQlLASsDDWekyObYS1adVeVV2SrU47TdxBQOn2DBxRiMmcV8xfGCJtrrxPTz/NXAGPIUO63n9qFNzkd4Tq+AAAA[0m[Pipeline] tool
[8mha:////4NGOxHRpK52fze4ecJlvNNgbdqEnlfurxayVVgEy+O8JAAAApR+LCAAAAAAAAP9tjTEOwjAQBC9BFLSUPOIihESDqNJabniBiY1xYt0Z2yGpeBFf4w8EIlGxxWpnm3m+YJkiHDlabA11jlLjMPjeTgsHjt3F84Atn7FhSuwNSjNI1qaeUXI2MKcoYSFgZajxnBzZDGvRqruqvCJbnXKcvoOA0ukbPKAQkzmrmL8wRthce52Yfp6/AhhDhnK//dQuvAF4LPojvgAAAA==[0m[Pipeline] envVarsForTool
[8mha:////4O+hoJoyE5hl+U5/1E/gOJiMsZkHr0mQeaILlKAd+U+2AAAAqB+LCAAAAAAAAP9tjTEOwjAUQ3+LOrAycohUSIgFMXWNsnCC0ISQNvq//KS0EyfiatyBlkpMeLBsS9Z7vaGIDCdiJxqLrcdYe9GF3k1JDMTtNdAgGrqImjBSsELZQZGx1VIVJQuLshxWEtYW60DRo0uwkY1+6DJodOU58bQdJeTe3OEJmZzISXP6lpFhe+tNJPxx/gJg7BLkh91s+/lZfABzOMz8wgAAAA==[0m[Pipeline] withEnv
[8mha:////4Bfe1ni+Kv4v5yT1A6l2sP1R3RXlQy/v/83CnYrTLL0TAAAApx+LCAAAAAAAAP9tjTEOwjAUQ3+LOrAycoh0ARbE1DXKwglCE0La6P/yk9JOnIircQdaKjHhwbItWe/1hiIynIidaCy2HmPtRRd6NyUxELfXQINo6CJqwkjBCmUHRcZWS1WULCzKclhJWFusA0WPLsFGNvqhy6DRlefE03aUkHtzhydkciInzelbRobtrTeR8Mf5C4CxS5AfdrPt52fxAZRHx0bCAAAA[0m[Pipeline] {
[8mha:////4Axc+g1VsbhtCnvJ3nrD8XsWIZqtxYhWkWuRPACRccnSAAAAph+LCAAAAAAAAP9tjTEOwjAUQ3+DOrAycoh0ogtiYo26cILQhJA0+r9NUtKJE3E17kBLJSY8WLYl673eUMYAJwqGO42dxdha3vvRzIlnCt3NU+aOrrwljOQ1b3RuSOnzWhtKGlYVDDYCthpbT9GiSbATTj5k5SWa6pLCvB0FMKsGeEIhZnKSIX3LFGB/H1Uk/HH+AmDqE7D6sFi9PMsP+urdAcIAAAA=[0m[Pipeline] script
[8mha:////4G6OLf8oSjGKTaKLpez8SRuvN1a8tV45gfINJxWVi+X4AAAAph+LCAAAAAAAAP9tjTEOwjAUQ3+LOrAycoh0KwNiYo2ycILQhJA0+r9NUtKJE3E17kBLJSY8WLYl673eUMUAJwqGOY2dxdha1vvRzIllCt3NU2aOrqwljOQ1EzoLUvq8VkFJw6qihA2HrcbWU7RoEuy4kw9Ze4mmvqQwb0cOpVUDPKHgMznJkL5lCrC/jyoS/jh/ATD1CcqmWeywPKsPXl9jU8IAAAA=[0m[Pipeline] {
[8mha:////4L2Zq1iupZZFgFV0sR2EPiM2HphdsERkgC+EmiFoOzVeAAAApB+LCAAAAAAAAP9tjTEOwjAQBC9BFLSUPOLSARKiSmu54QUmNsaJdWdsh6TiRXyNPxCIRMUWq51t5vmCZYpw5GixNdQ5So3D4Hs7LRw4dhfPA7Z8xoYpsTcozSBZm3pGydnAnKKEhYCVocZzcmQzrEWr7qryimx1ynH6DgJKp2/wgEJM5qxi/sIYYXPtdWL6ef4KYAwZyu3uU/vwBonA3qO+AAAA[0m[Pipeline] echo
Building Docker image for codeconnect-user-management-service
[8mha:////4LjyFteVS1EePBeFVnU4RCR1U4372UCFaVEQ2O1Tv5UnAAAApB+LCAAAAAAAAP9tjTEOwjAQBC9BFLSUPOLSgRCiSmu54QUmNsaJdWdsh6TiRXyNPxCIRMUWq51t5vmCZYpw5GixNdQ5So3D4Hs7LRw4dhfPA7Z8xoYpsTcozSBZm3pGydnAnKKEhYCVocZzcmQzrEWr7qryimx1ynH6DgJKp2/wgEJM5qxi/sIYYXPtdWL6ef4KYAwZyu3uU/vwBsjxxbq+AAAA[0m[Pipeline] sh
+ docker build -t maxin0525/codeconnect-user-management-service:latest ./codeconnect-user-management-service
Cannot connect to the Docker daemon at unix:///var/run/docker.sock. Is the docker daemon running?
[8mha:////4BEd/gP213J3Jfo15dxJ8nQqpmEM6jh/k2o6Py745Og0AAAApB+LCAAAAAAAAP9tjTEOwjAQBC9BFLSUPOJCRQpEldZKwwtMbIwT687YDknFi/gaf8AiEhVbrHa2mdcb1jHAiYPBXtNgKXYWvRtNXjhxGK6OJ+z5gh1TZKex1VPLSjcLtpw0LClKWAnYaOocR0smwVb08iErJ8lU5xTydxRQWnWHJxQim5MM6QtzgN1tVJHp5/krgNn7BGW9z3WoP+eRH6S+AAAA[0m[Pipeline] }
[8mha:////4IXcOQhIPei5EKE1A+c7HdMLV07mCKZKrx5UH7Vth8UmAAAApR+LCAAAAAAAAP9tjTEOwjAQBC9BFLSUPMIRTSgQVVorDS8w8WGcWHfGdkgqXsTX+AMWkajYYrWzzbzesI4BThyM6JEGS7GzwrvR5CUmDsPV8SR6voiOKbJD0eLUssZmwZYTwpKihJWEDVLnOFoyCbayVw9VOUWmOqeQv6OE0uo7PKGQ2ZxUSF+YA+xuo45MP89fAczeJygP+1x1/QHUckQYvgAAAA==[0m[Pipeline] // script
[8mha:////4CQGP3rM/NTDpdyaFAf04VufR2bX2AoS2lDhpoV1cxfqAAAAph+LCAAAAAAAAP9tjTEOwjAQBC9BFLSUPOIiIQEFSkVrueEFJjHGiXUXbAen4kV8jT9gEYmKLVY728zrDcvgoWZvsNPUWwqNxcGNJi9M7Pur44QdX7BhCuw0Sp0kt/o0o+SoYU5RwkLASlPjOFgyEdaiUw9VOUWmOkefv6OA0rZ3eEIhsjkqH78wedjcxjYw/Tx/BTANQ4TysM21330AwFHZB74AAAA=[0m[Pipeline] }
[8mha:////4M+dnOMu+EWgmIXESTgqEiBVL5VWdmiD0qmx/C22WjM3AAAApR+LCAAAAAAAAP9tjTEOwjAQBC9BFLSUPOJSgKBAqWgtN7zAJMY4se6C7eBUvIiv8QcsIlGxxWpnm3m9YRk81OwNdpp6S6GxOLjR5IWJfX91nLDjCzZMgZ1GqZPkVp9mlBw1zClKWAhYaWocB0smwlp06qEqp8hU5+jzdxRQ2vYOTyhENkfl4xcmD5vb2Aamn+evAKZhiFAetrn2uw/zsoK7vgAAAA==[0m[Pipeline] // withEnv
[8mha:////4A/8FlrKelAZ3oOtwofTQHB+8wHdzRBDpYvagHlns3e2AAAAph+LCAAAAAAAAP9tjTEOwjAQBC9BFLSUPOIiJAQFSkVrueEFJjHGiXUXbAen4kV8jT9gEYmKLVY728zrDcvgoWZvsNPUWwqNxcGNJi9M7Pur44QdX7BhCuw0Sp0kt/o0o+SoYU5RwkLASlPjOFgyEdaiUw9VOUWmOkefv6OA0rZ3eEIhsjkqH78wedjcxjYw/Tx/BTANQ4TysMu1334AxHbt1r4AAAA=[0m[Pipeline] }
[8mha:////4Klo6gdVDMJxxjaoQDymyJng5sRYB+hmLAmOvQ+w0IinAAAApR+LCAAAAAAAAP9tjTEOwjAQBC9BFLSUPOJCAxQoFa3lhheYxBgn1l2wHZyKF/E1/oBFJCq2WO1sM683LIOHmr3BTlNvKTQWBzeavDCx76+OE3Z8wYYpsNModZLc6tOMkqOGOUUJCwErTY3jYMlEWItOPVTlFJnqHH3+jgJK297hCYXI5qh8/MLkYXMb28D08/wVwDQMEcrDLtd++wH3lbZqvgAAAA==[0m[Pipeline] // stage
[8mha:////4MUiTRphrnGWRKGHMQd3Ji3UV4ukef6+gk+0Pd8p+n3DAAAAqB+LCAAAAAAAAP9tjTEOwjAUQ3+LOrAycohUMMCAOrFGXThBaEJIGv1fkpR04kRcjTsQqMSEB8u2ZL3nC6rgoSGvmVXYGwydYYMbdU4ske8vjhKzdGYdYSCnWKtSS1Id59pSVDCrKGHBYamwcxQM6ggrbsVd1E6grk/R5+3AoTTyBg8oeCZH4eO3TB7W11EGwh/nLwCmIUK53WTb7z7P6g2zqXUUwgAAAA==[0m[Pipeline] stage
[8mha:////4BrTHsEeq2Sb1TmuyQ7ZgiRb8tERzGZW2JF5b/HiTNlqAAAAph+LCAAAAAAAAP9tjTEOwjAUQ3+DOrAycoh0owNiYo26cILQhJA0+r9NUtKJE3E17kBLJSY8WLYl673eUMYAJwqGO42dxdha3vvRzIlnCt3NU+aOrrwljOQ1b3RuSOnzWhtKGlYVDDYCthpbT9GiSbATTj5k5SWa6pLCvB0FMKsGeEIhZnKSIX3LFGB/H1Uk/HH+AmDqE7D6sFi9PMsPhRixbsIAAAA=[0m[Pipeline] { (Upload to DockerHub)
Stage "Upload to DockerHub" skipped due to earlier failure(s)
[8mha:////4H66cksD13PFqI865qrJi6/4Uk2bxSLynzM5Y60s9PoPAAAAox+LCAAAAAAAAP9tjTESwiAURH/iWNhaeghSxhnHypah8QSYIEKY/wkQSeWJvJp3EM2MlVvs7NvmPV+wjgGOFDSzCgeDsTPMu0mXxTKF4eooM0sX1hFGcooJlQX16rSgoKRgSVXDisNGYecoGtQJttzKu2ycRN2cUyjfgUNt+hEeUPFiTjKkL8wBdrepj4Q/z18BzD5B3baf2vs3IKq2br4AAAA=[0m[Pipeline] getContext
[8mha:////4GU+c9C67uwUaitehHXQf7YElIePU4RiP33XzNBvZ8mlAAAAox+LCAAAAAAAAP9tjTESwiAURH/iWNhaeghSZhzHypah8QSYIEKY/wkQSeWJvJp3EM2MlVvs7NvmPV+wjgGOFDSzCgeDsTPMu0mXxTKF4eooM0sX1hFGcooJlQX16rSgoKRgSVXDisNGYecoGtQJttzKu2ycRN2cUyjfgUNt+hEeUPFiTjKkL8wBdrepj4Q/z18BzN4nqNv9p9o3bvELmr4AAAA=[0m[Pipeline] }
[8mha:////4EaknWNqzAlCOSSQBDQKmPWi8PJGwvoTQChBvVoIpXz5AAAApR+LCAAAAAAAAP9tjTEOwjAQBC9BFLSUPOJCBUgoFa3lhheYxBgn1l2wHZyKF/E1/oBFJCq2WO1sM683LIOHmr3BTlNvKTQWBzeavDCx76+OE3Z8wYYpsNModZLc6tOMkqOGOUUJCwErTY3jYMlEWItOPVTlFJnqHH3+jgJK297hCYXI5qh8/MLkYXMb28D08/wVwDQMEcrDNtd+9wHZ4Es8vgAAAA==[0m[Pipeline] // stage
[8mha:////4Me1qZ98lb7YTYhMYO+EDWmGMsG2ixhrtKeO4ZMYOjkHAAAAqB+LCAAAAAAAAP9tjTEOwjAUQ3+LOrAycohUZUJCTF2jLpwgNCEkjf4vSUo6cSKuxh0IVGLCg2Vbst7zBVXwcCSvmVU4GAy9YaObdE4skR8ujhKzdGY9YSCnWKdSR1K1S+0oKlhUlLDisFbYOwoGdYQNt+IuaidQ16fo83bgUBp5gwcUPJOj8PFbZg/b6yQD4Y/zFwDzGKHcNdn2zedZvQHi6Tj/wgAAAA==[0m[Pipeline] stage
[8mha:////4LLNnVfl4mV/ZyHnoYg030HgONHdEJR2lLEkjWE6L79VAAAApx+LCAAAAAAAAP9tjTEOwjAUQ3+LOrAycohUMCEhpq5RFk4QmhDSRv+Xn5R24kRcjTvQUokJD5ZtyXqvNxSR4UTsRGOx9RhrL7rQuymJgbi9BhpEQxdRE0YKVig7KDK2WqqiZGFRlsNKwtpiHSh6dAk2stEPXQaNrjwnnrajhNybOzwhkxM5aU7fMjJsb72JhD/OXwCMXYL8sJttPz+LDy1zm5PCAAAA[0m[Pipeline] { (Declarative: Post Actions)
[8mha:////4DSSRPOpnkW7WNlagNzHGre/Mquh4dbHE+ljeElM2c4JAAAApR+LCAAAAAAAAP9tjTEOwjAQBC9BFLSUPOIiQYOEqNJabniBiY1xYt0Z2yGpeBFf4w8EIlGxxWpnm3m+YJkiHDlabA11jlLjMPjeTgsHjt3F84Atn7FhSuwNSjNI1qaeUXI2MKcoYSFgZajxnBzZDGvRqruqvCJbnXKcvoOA0ukbPKAQkzmrmL8wRthce52Yfp6/AhhDhnK//dQuvAHdCQYNvgAAAA==[0m[Pipeline] echo
Build failed! Please check the logs for details.
[8mha:////4GPJcX0vm1YcnV9QOGBjLLkSLDDY4vp2NhxBP888s/UOAAAApR+LCAAAAAAAAP9tjTEOwjAQBC9BFLSUPOIiIQokRJXWcsMLTGyME+vO2A5JxYv4Gn8gEImKLVY728zzBcsU4cjRYmuoc5Qah8H3dlo4cOwungds+YwNU2JvUJpBsjb1jJKzgTlFCQsBK0ON5+TIZliLVt1V5RXZ6pTj9B0ElE7f4AGFmMxZxfyFMcLm2uvE9PP8FcAYQoZyv/vU9g0Zei8nvgAAAA==[0m[Pipeline] }
[8mha:////4DC9Bk5SHslKjaXCPELoNXP/HqEv/iK6dNABjJtIO7vJAAAApR+LCAAAAAAAAP9tjTEOwjAQBC9BFLSUPOIiCiQkRJXWcsMLTGyME+vO2A5JxYv4Gn8gEImKLVY728zzBcsU4cjRYmuoc5Qah8H3dlo4cOwungds+YwNU2JvUJpBsjb1jJKzgTlFCQsBK0ON5+TIZliLVt1V5RXZ6pTj9B0ElE7f4AGFmMxZxfyFMcLm2uvE9PP8FcAYQoZyv/vU9g0G+Hp1vgAAAA==[0m[Pipeline] // stage
[8mha:////4EtfwKQcLRmoDY9XP3IFXlec3KRQkyWbD9p82XWdtrNEAAAAph+LCAAAAAAAAP9tjTEOwjAQBC9BFLSUPOIiKBASSkVrueEFJjHGiXUXbAen4kV8jT9gEYmKLVY728zrDcvgoWZvsNPUWwqNxcGNJi9M7Pur44QdX7BhCuw0Sp0kt/o0o+SoYU5RwkLASlPjOFgyEdaiUw9VOUWmOkefv6OA0rZ3eEIhsjkqH78wedjcxjYw/Tx/BTANQ4TysM+1234AImIBCb4AAAA=[0m[Pipeline] }
[8mha:////4JFV1WUCaO8BPRIR5o6r3ckEkTkYQNlW5u9VNdnMVEkZAAAApR+LCAAAAAAAAP9tjTEOwjAQBC9BFLSUPOKCaEBCqWgtN7zAJMY4se6C7eBUvIiv8QcsIlGxxWpnm3m9YRk81OwNdpp6S6GxOLjR5IWJfX91nLDjCzZMgZ1GqZPkVp9mlBw1zClKWAhYaWocB0smwlp06qEqp8hU5+jzdxRQ2vYOTyhENkfl4xcmD5vb2Aamn+evAKZhiFAe9rl22w8RgVq1vgAAAA==[0m[Pipeline] // withEnv
[8mha:////4P4BW8gt//5RIx49yByz0o+EcMweUj8nqe3755iXQeItAAAApR+LCAAAAAAAAP9tjTEOwjAQBC9BFLSUPOIiRBMJUaW10vACExvjxLoztkNS8SK+xh+wiETFFqudbeb1hnUMcOJgsNc0WIqdRe9GkxdOHIar4wl7vmDHFNlpbPXUstLNgi0nDUuKElYCNpo6x9GSSbAVvXzIykky1TmF/B0FlFbd4QmFyOYkQ/rCHGB3G1Vk+nn+CmD2PkFZ17n2hw+9MSj2vgAAAA==[0m[Pipeline] }
[8mha:////4O1Cy6+6siE57d8Em5QA/SnHDbV1kj+qySoYpAjx/T4XAAAApR+LCAAAAAAAAP9tjTEOwjAQBC9BFLSUPOIiqEAoFa3lhheYxBgn1l2wHZyKF/E1/oBFJCq2WO1sM683LIOHmr3BTlNvKTQWBzeavDCx76+OE3Z8wYYpsNModZLc6tOMkqOGOUUJCwErTY3jYMlEWItOPVTlFJnqHH3+jgJK297hCYXI5qh8/MLkYXMb28D08/wVwDQMEcr9Idd29wGO0nNKvgAAAA==[0m[Pipeline] // withEnv
[8mha:////4IFRTdCB/NNTCGF2ZIPFmKpqOgrprVmE6H3kzQfrO3kIAAAApB+LCAAAAAAAAP9tjTEOwjAQBC9BFLSUPMIhJUJUaa00vMDEh3Fi3RnbIal4EV/jD1hEomKL1c4283rDOgY4cTCiRxosxc4K70aTl5g4DFfHk+j5IjqmyA5Fi1PLGpsFW04IS4oSVhI2SJ3jaMkk2MpePVTlFJnqnEL+jhJKq+/whEJmc1IhfWEOsLuNOjL9PH8FMHufoDzsc9X1B0jZAlK+AAAA[0m[Pipeline] }
[8mha:////4Hr5PZrcmAIAufXmUtjQ/3hY4XgcvxRoul0ERDezpIiiAAAApB+LCAAAAAAAAP9tjTEOwjAQBC9BFLSUPMIhJUJUaa00vMDEh3Fi3RnbIal4EV/jD1hEomKL1c4283rDOgY4cTCiRxosxc4K70aTl5g4DFfHk+j5IjqmyA5Fi1PLGpsFW04IS4oSVhI2SJ3jaMkk2MpePVTlFJnqnEL+jhJKq+/whEJmc1IhfWEOsLuNOjL9PH8FMHufoDzUuer9B3s6We6+AAAA[0m[Pipeline] // withEnv
[8mha:////4COI/d4gIJ9MOng32doq52R/BaoA6DEQJyW5sfi8N05vAAAApB+LCAAAAAAAAP9tjTEOwjAQBDdBFLSUPMKREA1CVLRWGl5gEmOcWHfBvpBUvIiv8QciIlGx1c4083pjmSKOHJ1qLLWeUuVVF3o3PTVwbK+BB9XwRVVMiYNVpR1Kru1pxpLFYl6WY6GxslQFTp6cYK0b8zBFMOSKs8TJHTRyX9/xRKanspgoXxgjNre+Tky/zt8Axq4T5PutINt9AIj61kS9AAAA[0m[Pipeline] }
[8mha:////4Omh2XCV3kBUCcAbajW6Ukj60wgvT3vdT8CdI/93BI5NAAAAox+LCAAAAAAAAP9tjTESgjAQRT84FraWHiIUVI5jZZuh8QQRYgxkdjFZhMoTeTXvICMzVv7qv9e81xvrFHHk6FRrqfOUaq/6MLj5qZFjdw08qpYvqmZKHKyq7FhxY08LViwWy7IcK42NpTpw8uQEW92ahymCIVecJc7uoJH75o4nMj2XxUT5whSxuw1NYvp1/gYw9b0g35eCrPwAm0bS570AAAA=[0m[Pipeline] // node
[8mha:////4KnbAmOMpa1F0vMZV6TthyHXOlHGdk61i3fXmopzh2b7AAAApB+LCAAAAAAAAP9tjTEOwjAQBDdBFLSUPMKREA1CVLRWGl5gEmOcWHfBvpBUvIiv8QciIlGx1c4083pjmSKOHJ1qLLWeUuVVF3o3PTVwbK+BB9XwRVVMiYNVpR1Kru1pxpLFYl6WY6GxslQFTp6cYK0b8zBFMOSKs8TJHTRyX9/xRKanspgoXxgjNre+Tky/zt8Axq4T5PudINt+AB2q9SK9AAAA[0m[Pipeline] End of Pipeline
ERROR: script returned exit code 1
Finished: FAILURE
