Started by user [8mha:////4BeOvP3ZN/FNYRQNTa0nmYkAJG8bbtqJHokxKglXA2KNAAAAmx+LCAAAAAAAAP9b85aBtbiIQTGjNKU4P08vOT+vOD8nVc83PyU1x6OyILUoJzMv2y+/JJUBAhiZGBgqihhk0NSjKDWzXb3RdlLBUSYGJk8GtpzUvPSSDB8G5tKinBIGIZ+sxLJE/ZzEvHT94JKizLx0a6BxUmjGOUNodHsLgAzuEgZB/dLi1CL9ZKAbgRryUpNLAPtfI1LGAAAA[0mcodeconnect
Obtained Jenkinsfile from git https://github.com/NUS-ISS-SWE/code-connect-backend.git
[8mha:////4NPDMsrb5Tdtm/w4oSKvVFwgEqZ5Ga9DE1z7zaf3jv5sAAAAoh+LCAAAAAAAAP9tjTEOwjAQBM8BClpKHuFItIiK1krDC0x8GCfWnbEdkooX8TX+gCESFVvtrLSa5wtWKcKBo5UdUu8otU4GP9jS5Mixv3geZcdn2TIl9igbHBs2eJyx4YwwR1SwULBGaj0nRzbDRnX6rmuvydanHMu2V1A5c4MHCFXMWcf8hSnC9jqYxPTz/BXAFEIGsfuclm8zQVqFvQAAAA==[0m[Pipeline] Start of Pipeline
[8mha:////4PeEb4F8l1Nq6aJ4FnY7LiOvWcXRdmOf8zfJleTooKZbAAAApR+LCAAAAAAAAP9tjTEOwjAUQ3+KOrAycohUghExsUZZOEFIQkgb/d8mKe3EibgadyBQiQlLlmxL1nu+oE4RjhQdby12HpP2vA+jK4lPFLtroIm3dOGaMFGwXNpJkrGnpUrKFhaxClYC1hZ1oOTRZdiIVt1VExS65pxj2Q4CKm8GeAAThZxVzN8yR9jeRpMIf5y/AJj7DGxXvP/86jduZBmjwAAAAA==[0m[Pipeline] node
Running on [8mha:////4A1YAY9iUO9ZQZcC9Vnia4J93yQLJ1u1MkI5+pL5OJ56AAAAoR+LCAAAAAAAAP9b85aBtbiIQTGjNKU4P08vOT+vOD8nVc83PyU1x6OyILUoJzMv2y+/JJUBAhiZGBgqihhk0NSjKDWzXb3RdlLBUSYGJk8GtpzUvPSSDB8G5tKinBIGIZ+sxLJE/ZzEvHT94JKizLx0a6BxUmjGOUNodHsLgAz2EgZR/eT83ILSktQifY2k0sycEt3MPE19AHHxbH3KAAAA[0mJenkins in /var/jenkins_home/workspace/CodeConnectBackend/backend
[8mha:////4GQwJAEz8vFPq2lAWeSJ67u5rxM8wupsXu7LKNYwUyb5AAAApR+LCAAAAAAAAP9tjTEOwjAUQ3+KOrAycoh0gA0xsUZZOEFIQkgb/d8mKe3EibgadyBQiQlLlmxL1nu+oE4RjhQdby12HpP2vA+jK4lPFLtroIm3dOGaMFGwXNpJkrGnpUrKFhaxClYC1hZ1oOTRZdiIVt1VExS65pxj2Q4CKm8GeAAThZxVzN8yR9jeRpMIf5y/AJj7DGxXvP/86jfoP95RwAAAAA==[0m[Pipeline] {
[8mha:////4DjArhJi9VZn4XPm1aKMd4WEjxTPk4iq+nfQEPyRdcIsAAAApR+LCAAAAAAAAP9tjTEOwjAUQ3+KOrAycoh0gQkxsUZZOEFIQkgb/d8mKe3EibgadyBQiQlLlmxL1nu+oE4RjhQdby12HpP2vA+jK4lPFLtroIm3dOGaMFGwXNpJkrGnpUrKFhaxClYC1hZ1oOTRZdiIVt1VExS65pxj2Q4CKm8GeAAThZxVzN8yR9jeRpMIf5y/AJj7DGxXvP/86jc09154wAAAAA==[0m[Pipeline] stage
[8mha:////4NbUEQaUUkHrCQi/TCc2KpWGTn4EwB/EkBLDnMjsdF+5AAAApR+LCAAAAAAAAP9tjTEOwjAUQ3+KOrAycoh0ggUxsUZZOEFIQkgb/d8mKe3EibgadyBQiQlLlmxL1nu+oE4RjhQdby12HpP2vA+jK4lPFLtroIm3dOGaMFGwXNpJkrGnpUrKFhaxClYC1hZ1oOTRZdiIVt1VExS65pxj2Q4CKm8GeAAThZxVzN8yR9jeRpMIf5y/AJj7DGxXvP/86jek7ggRwAAAAA==[0m[Pipeline] { (Declarative: Checkout SCM)
[8mha:////4DlYj/KpXfhk9+KfPP1IvSbA93ZzpxpsP1pHRcthAH4zAAAAoh+LCAAAAAAAAP9tjTEOAiEURD9rLGwtPQTbaWGsbAmNJ0AWEZb8zwLrbuWJvJp3kLiJlZNMMm+a93rDOic4UbLcG+wdZu14DKOti0+U+lugiXu6ck2YKRguzSSpM+cFJRUDS1gDKwEbgzpQdmgLbIVXD9UGhba9lFS/o4DGdQM8gYlqLiqVL8wJdvexy4Q/z18BzLEA29ce4gfg7KmOvAAAAA==[0m[Pipeline] checkout
Selected Git installation does not exist. Using Default
The recommended git tool is: NONE
using credential github-pat
 > git rev-parse --resolve-git-dir /var/jenkins_home/workspace/CodeConnectBackend/backend/.git # timeout=10
Fetching changes from the remote Git repository
 > git config remote.origin.url https://github.com/NUS-ISS-SWE/code-connect-backend.git # timeout=10
Fetching upstream changes from https://github.com/NUS-ISS-SWE/code-connect-backend.git
 > git --version # timeout=10
 > git --version # 'git version 2.39.5'
using GIT_ASKPASS to set credentials 
 > git fetch --tags --force --progress -- https://github.com/NUS-ISS-SWE/code-connect-backend.git +refs/heads/*:refs/remotes/origin/* # timeout=10
 > git rev-parse refs/remotes/origin/featue/sprint2/maxin/CDCNT-38^{commit} # timeout=10
Checking out Revision 4f5ddd670af5755e076f4289a500923a6b914a23 (refs/remotes/origin/featue/sprint2/maxin/CDCNT-38)
 > git config core.sparsecheckout # timeout=10
 > git checkout -f 4f5ddd670af5755e076f4289a500923a6b914a23 # timeout=10
Commit message: "update"
 > git rev-list --no-walk 4f5ddd670af5755e076f4289a500923a6b914a23 # timeout=10
[8mha:////4PWrMrJsf0iViHalYWpAM1JMWSldfPtt04XkEUWnhbcZAAAAoh+LCAAAAAAAAP9tjTEOAiEURD9rLGwtPQTbGRNjZUtoPAGyiLDkfxZYdytP5NW8g8RNrJxkknnTvNcb1jnBiZLl3mDvMGvHYxhtXXyi1N8CTdzTlWvCTMFwaSZJnTkvKKkYWMIaWAnYGNSBskNbYCu8eqg2KLTtpaT6HQU0rhvgCUxUc1GpfGFOsLuPXSb8ef4KYI6xADvU7j9Dg2gqvAAAAA==[0m[Pipeline] }
[8mha:////4BCwGpRVBMbDdHJEPmeCtS6vBEwEPKxinHw1ShV7Q9ysAAAAoh+LCAAAAAAAAP9tjTEOAiEURD9rLGwtPQRbWRhjZUtoPAGyiLDkfxZYdytP5NW8g8RNrJxkknnTvNcb1jnBiZLl3mDvMGvHYxhtXXyi1N8CTdzTlWvCTMFwaSZJnTkvKKkYWMIaWAnYGNSBskNbYCu8eqg2KLTtpaT6HQU0rhvgCUxUc1GpfGFOsLuPXSb8ef4KYI6xADvU7j9J+wGOvAAAAA==[0m[Pipeline] // stage
[8mha:////4LeipAf+tH8Bom5NceCiPRwpLj6s6wID4RWOXFnmLOGmAAAAph+LCAAAAAAAAP9tjTEOwjAQBM9BKWgpeYQDEh2iorXc8AITG+PEugv2haTiRXyNPxCIRMVWOyut5vmCMic4UPKycdgGzHWQXez91ORAqb1EGmRDZ1kTZopOajdosu44oyZ2MEcUsFCwdFhHygE9w0o15m6qaNBXJ07TtldQBHuDBwg1mdkk/sKYYH3tbSb8ef4KYOwYxI6h2G4+x/INtuQqUcEAAAA=[0m[Pipeline] withEnv
[8mha:////4JVvKNcDImtfffsgOkXxnX14O6bcreHVsl4EoGM50XrFAAAApR+LCAAAAAAAAP9tjTEOwjAUQ3+DOrAycoiUzoiJNerCCUITQtLo/zZJSSdOxNW4Ay2VmPBg2Zas93pDGQOcKBjuNHYWY2t570czJ54pdDdPmTu68pYwkte80bkhpc9rbShpWFUw2AjYamw9RYsmwU44+ZCVl2iqSwrzdhTArBrgCYWYyUmG9C1TgP19VJHwx/kLgKlPwOrDYvXyLD8BobDcwgAAAA==[0m[Pipeline] {
[8mha:////4MQkaMj+PCIWw8+tNvSQ9nk365sdAAwY3qUgzw8Mp3/jAAAAph+LCAAAAAAAAP9tjTEOwjAUQ3+LOrAycohUZUVMrFEWThCaEJJG/7dJSjpxIq7GHWipxIQHy7ZkvdcbqhjgRMEwp7GzGFvLej+aObFMobt5yszRlbWEkbxmQmdBSp/XKihpWFWUsOGw1dh6ihZNgh138iFrL9HUlxTm7cihtGqAJxR8JicZ0rdMAfb3UUXCH+cvAKY+Qdk0ix2WZ/UBbwyqm8IAAAA=[0m[Pipeline] withEnv
[8mha:////4O15c1k+3gSZCzkJzcrAsUwUGR7jQGB4lpzf78vpcz7YAAAAph+LCAAAAAAAAP9tjTEOwjAUQ3+LOrAycohUwIiYukZZOEFoQkgb/V9+UtqJE3E17kBLJSY8WLYl673eUESGE7ETjcXWY6y96ELvpiQG4vYaaBANXURNGClYoeygyNhqqYqShUVZDisJa4t1oOjRJdjIRj90GTS68px42o4Scm/u8IRMTuSkOX3LyLC99SYS/jh/ATB2CfLdfrbD/Cw+y7kUycIAAAA=[0m[Pipeline] {
[8mha:////4H8RF7oYRROycWdufjp8jYBn5d31EXfGe+fkpNSEhnjGAAAApx+LCAAAAAAAAP9tjTEOwjAUQ3+LOrAycohUCDbE1DXKwglCE0La6P/yk9JOnIircQdaKjHhwbItWe/1hiIynIidaCy2HmPtRRd6NyUxELfXQINo6CJqwkjBCmUHRcZWS1WULCzKclhJWFusA0WPLsFGNvqhy6DRlefE03aUkHtzhydkciInzelbRobtrTeR8Mf5C4CxS5Dv9rMd5mfxAbNWnxXCAAAA[0m[Pipeline] stage
[8mha:////4KhWx6ll4mFUfq1x1yR/dMV8VWwWK5Aj4ViCv1OrF8wjAAAApx+LCAAAAAAAAP9tjTEOwjAUQ3+LOrAycohUSDAhpq5RFk4QmhDSRv+Xn5R24kRcjTvQUokJD5ZtyXqvNxSR4UTsRGOx9RhrL7rQuymJgbi9BhpEQxdRE0YKVig7KDK2WqqiZGFRlsNKwtpiHSh6dAk2stEPXQaNrjwnnrajhNybOzwhkxM5aU7fMjJsb72JhD/OXwCMXYJ8t5/tMD+LD5WQ+PfCAAAA[0m[Pipeline] { (Declarative: Tool Install)
[8mha:////4BGT8SAk7fwggLMcJ4F86qWFC50prrNYg4DuVrC1m7W0AAAApB+LCAAAAAAAAP9tjTEOwjAQBC9BFLSUPOIiCmgQVVrLDS8wsTFOrDtjOyQVL+Jr/IFAJCq2WO1sM88XLFOEI0eLraHOUWocBt/baeHAsbt4HrDlMzZMib1BaQbJ2tQzSs4G5hQlLASsDDWekyObYS1adVeVV2SrU47TdxBQOn2DBxRiMmcV8xfGCJtrrxPTz/NXAGPIUG53n9qHN7LjSKW+AAAA[0m[Pipeline] tool
[8mha:////4LDpEPzC67SUK+yyJj/JLn+W1sSVG5N7t9wqPkN47alnAAAApR+LCAAAAAAAAP9tjTEOwjAQBC9BFLSUPOIiCkSBqNJabniBiY1xYt0Z2yGpeBFf4w8EIlGxxWpnm3m+YJkiHDlabA11jlLjMPjeTgsHjt3F84Atn7FhSuwNSjNI1qaeUXI2MKcoYSFgZajxnBzZDGvRqruqvCJbnXKcvoOA0ukbPKAQkzmrmL8wRthce52Yfp6/AhhDhnK7+9Q+vAHz0lO8vgAAAA==[0m[Pipeline] envVarsForTool
[8mha:////4GeOvkbezv0MZGsSJqI+zUx2KyF80ktdq/6zqiNzOMbzAAAApR+LCAAAAAAAAP9tjTEOwjAQBC9BFLSUPOIiCiQkRJXWcsMLTGyME+vO2A5JxYv4Gn8gEImKLVY728zzBcsU4cjRYmuoc5Qah8H3dlo4cOwungds+YwNU2JvUJpBsjb1jJKzgTlFCQsBK0ON5+TIZliLVt1V5RXZ6pTj9B0ElE7f4AGFmMxZxfyFMcLm2uvE9PP8FcAYQoZyu//U7g1b0dOKvgAAAA==[0m[Pipeline] }
[8mha:////4LKkduQb6RhZxpaH7Rt/weP1+RAxGW1ZNVhAuB8RGRUZAAAApR+LCAAAAAAAAP9tjTEOwjAQBC9BFLSUPOIiJBqEqNJabniBiY1xYt0Z2yGpeBFf4w8EIlGxxWpnm3m+YJkiHDlabA11jlLjMPjeTgsHjt3F84Atn7FhSuwNSjNI1qaeUXI2MKcoYSFgZajxnBzZDGvRqruqvCJbnXKcvoOA0ukbPKAQkzmrmL8wRthce52Yfp6/AhhDyFBu95/avQFoMog2vgAAAA==[0m[Pipeline] // stage
[8mha:////4O1hR8SNu0IegzBs1TNKDAs+9oR4XWzGICKkLeI8LnSiAAAApx+LCAAAAAAAAP9tjT0OwjAUg1+LOrAycoiUnxF1Yo26cILQhJA0eq8kKenEibgadyBQiQkPlm3J+p4vqIKHhrxmVmFvMHSGDW7UObFEvr84SszSmXWEgZxirUotSXWca0tRwayihAWHpcLOUTCoI6y4FXdRO4G6PkWftwOH0sgbPKDgmRyFj98yeVhfRxkIf5y/AJiGCOV2n223+TyrNzgO5r/CAAAA[0m[Pipeline] withEnv
[8mha:////4GHDSXQ6l299E0qLVACm1YkMEkAdbOy8u13l0dJPyuGJAAAAph+LCAAAAAAAAP9tjTEOwjAUQ3+LOrAycogUWBFT1ygLJwhNCGmj/8tPSjtxIq7GHWipxIQHy7ZkvdcbishwInaisdh6jLUXXejdlMRA3F4DDaKhi6gJIwUrlB0UGVstVVGysCjLYSVhbbEOFD26BBvZ6Icug0ZXnhNP21FC7s0dnpDJiZw0p28ZGba33kTCH+cvAMYuQX7Yzbafn8UHbGnGmsIAAAA=[0m[Pipeline] {
[8mha:////4JDknbb8/GyINIYCcG3E8gIrA9kg14V2q6TvKS7iVqEcAAAAph+LCAAAAAAAAP9tjTEOwjAUQ3+DOrAycohUdEVMrFEXThCaEJJG/7dJSjpxIq7GHWipxIQHy7ZkvdcbyhjgRMFwp7GzGFvLez+aOfFMobt5ytzRlbeEkbzmjc4NKX1ea0NJw6qCwUbAVmPrKVo0CXbCyYesvERTXVKYt6MAZtUATyjETE4ypG+ZAuzvo4qEP85fAEx9AlYfFquXZ/kBAsTc3cIAAAA=[0m[Pipeline] stage
[8mha:////4AiZwTCzgqXsO1Wfir8ix++J5NtjvDLil091AkJ8RVzaAAAAph+LCAAAAAAAAP9tjTEOwjAUQ3+LOrAycohUKiNiYo2ycILQhJA0+r9NUtKJE3E17kBLJSY8WLYl673eUMUAJwqGOY2dxdha1vvRzIllCt3NU2aOrqwljOQ1EzoLUvq8VkFJw6qihA2HrcbWU7RoEuy4kw9Ze4mmvqQwb0cOpVUDPKHgMznJkL5lCrC/jyoS/jh/ATD1CcqmWeywPKsPpnFij8IAAAA=[0m[Pipeline] { (Checkout)
[8mha:////4NM5DwSbAHN/wZkfwh8oBqdqjugLIsd+NRNJ3fCZ9vhFAAAApB+LCAAAAAAAAP9tjTEOwjAQBC9BFLSUPOIiAR2iSmu54QUmNsaJdWdsh6TiRXyNPxCIRMUWq51t5vmCZYpw5GixNdQ5So3D4Hs7LRw4dhfPA7Z8xoYpsTcozSBZm3pGydnAnKKEhYCVocZzcmQzrEWr7qryimx1ynH6DgJKp2/wgEJM5qxi/sIYYXPtdWL6ef4KYAwZyu3uU/vwBrANZ3i+AAAA[0m[Pipeline] tool
[8mha:////4DRUwVJ0ZwMMbLq0/RohWVLgvchoPrNvXdJgklhy3zTGAAAApB+LCAAAAAAAAP9tjTEOwjAQBC9BFLSUPOIigagQVVrLDS8wsTFOrDtjOyQVL+Jr/IFAJCq2WO1sM88XLFOEI0eLraHOUWocBt/baeHAsbt4HrDlMzZMib1BaQbJ2tQzSs4G5hQlLASsDDWekyObYS1adVeVV2SrU47TdxBQOn2DBxRiMmcV8xfGCJtrrxPTz/NXAGPIUG53n9qHN/E8fGG+AAAA[0m[Pipeline] envVarsForTool
[8mha:////4DBxZeOaF76beU6yx9znqj3XTWO1pKF/dsZJ+YT65femAAAAqB+LCAAAAAAAAP9tjTEOwjAUQ3+LOrAycohUAokFMXWNsnCC0ISQNvq//KS0EyfiatyBlkpMeLBsS9Z7vaGIDCdiJxqLrcdYe9GF3k1JDMTtNdAgGrqImjBSsELZQZGx1VIVJQuLshxWEtYW60DRo0uwkY1+6DJodOU58bQdJeTe3OEJmZzISXP6lpFhe+tNJPxx/gJg7BLku/1sh/lZfADVPyEewgAAAA==[0m[Pipeline] withEnv
[8mha:////4LZpA3D7d3HdOshylGQQsAcdQKew7oXSxUKSRYHR/7mpAAAAqB+LCAAAAAAAAP9tjTEOwjAUQ3+LOrAycohUYoABMXWNsnCC0ISQNvq//KS0EyfiatyBlkpMeLBsS9Z7vaGIDCdiJxqLrcdYe9GF3k1JDMTtNdAgGrqImjBSsELZQZGx1VIVJQuLshxWEtYW60DRo0uwkY1+6DJodOU58bQdJeTe3OEJmZzISXP6lpFhe+tNJPxx/gJg7BLku/1sh/lZfAAyQCqkwgAAAA==[0m[Pipeline] {
[8mha:////4Ly9ecSETy11JqIQFkv+5Tf/Kqt16U9nwTTOngkYAx5HAAAAqB+LCAAAAAAAAP9tjTEOwjAUQ3+LOrAycohUYgEJMXWNsnCC0ISQNvq//KS0EyfiatyBlkpMeLBsS9Z7vaGIDCdiJxqLrcdYe9GF3k1JDMTtNdAgGrqImjBSsELZQZGx1VIVJQuLshxWEtYW60DRo0uwkY1+6DJodOU58bQdJeTe3OEJmZzISXP6lpFhe+tNJPxx/gJg7BLku/1sh/lZfAAnLfKUwgAAAA==[0m[Pipeline] script
[8mha:////4MHBEG7APn/XgfYNBlagpTLqynB0cvAId4uIv3I+nuBHAAAApx+LCAAAAAAAAP9tjTEOwjAUQ3+LOrAycohUYgIhpq5RFk4QmhDSRv+Xn5R24kRcjTvQUokJD5ZtyXqvNxSR4UTsRGOx9RhrL7rQuymJgbi9BhpEQxdRE0YKVig7KDK2WqqiZGFRlsNKwtpiHSh6dAk2stEPXQaNrjwnnrajhNybOzwhkxM5aU7fMjJsb72JhD/OXwCMXYJ8t5/tMD+LD0QKVszCAAAA[0m[Pipeline] {
[8mha:////4PFr05tq29yM114GiVA3kkmHqMvhg7W8+sPZEQGKIpdwAAAApR+LCAAAAAAAAP9tjTEOwjAQBC9BFLSUPOKCoEIoFa3lhheYxBgn1l2wHZyKF/E1/oBFJCq2WO1sM683LIOHmr3BTlNvKTQWBzeavDCx76+OE3Z8wYYpsNModZLc6tOMkqOGOUUJCwErTY3jYMlEWItOPVTlFJnqHH3+jgJK297hCYXI5qh8/MLkYXMb28D08/wVwDREKHeHXPvt8AHN/bm5vgAAAA==[0m[Pipeline] echo
Checking out branch: main
[8mha:////4MQJTYJquUUxpP8BrDTZFn3xBFF1GoQnKhOD4sfkLdgbAAAApR+LCAAAAAAAAP9tjTEOwjAQBC9BFLSUPOIioEIoFa3lhheYxBgn1l2wHZyKF/E1/oBFJCq2WO1sM683LIOHmr3BTlNvKTQWBzeavDCx76+OE3Z8wYYpsNModZLc6tOMkqOGOUUJCwErTY3jYMlEWItOPVTlFJnqHH3+jgJK297hCYXI5qh8/MLkYXMb28D08/wVwDREKHeHXPvt8AGMzKKgvgAAAA==[0m[Pipeline] git
Selected Git installation does not exist. Using Default
The recommended git tool is: NONE
using credential github-pat
 > git rev-parse --resolve-git-dir /var/jenkins_home/workspace/CodeConnectBackend/backend/.git # timeout=10
Fetching changes from the remote Git repository
 > git config remote.origin.url https://github.com/NUS-ISS-SWE/code-connect-backend.git # timeout=10
Fetching upstream changes from https://github.com/NUS-ISS-SWE/code-connect-backend.git
 > git --version # timeout=10
 > git --version # 'git version 2.39.5'
using GIT_ASKPASS to set credentials 
 > git fetch --tags --force --progress -- https://github.com/NUS-ISS-SWE/code-connect-backend.git +refs/heads/*:refs/remotes/origin/* # timeout=10
 > git rev-parse refs/remotes/origin/main^{commit} # timeout=10
Checking out Revision 489ecea4a284cc9a9170a6942836c14fc8f9b06c (refs/remotes/origin/main)
 > git config core.sparsecheckout # timeout=10
 > git checkout -f 489ecea4a284cc9a9170a6942836c14fc8f9b06c # timeout=10
 > git branch -a -v --no-abbrev # timeout=10
 > git branch -D main # timeout=10
 > git checkout -b main 489ecea4a284cc9a9170a6942836c14fc8f9b06c # timeout=10
Commit message: "Merge pull request #11 from NUS-ISS-SWE/release/sprint1"
 > git rev-list --no-walk 489ecea4a284cc9a9170a6942836c14fc8f9b06c # timeout=10
[8mha:////4NW8k+q8VTnUfNHA5FgoiY+PxQMT0iy/mmj/xB8e7Xe7AAAApR+LCAAAAAAAAP9tjTEOwjAQBC9BFLSUPOIihQohqrRWGl5gYmOcWHfGdkgqXsTX+AMWkajYYrWzzbzesI4BThwM9poGS7Gz6N1o8sKJw3B1PGHPF+yYIjuNrZ5aVrpZsOWkYUlRwkrARlPnOFoyCbailw9ZOUmmOqeQv6OA0qo7PKEQ2ZxkSF+YA+xuo4pMP89fAczeJyj3da768AH8/EyevgAAAA==[0m[Pipeline] }
[8mha:////4G7vgD8kEhrFBeGGUks0uLoaF+5QTrU3N22CHRrVAHESAAAApR+LCAAAAAAAAP9tjTEOwjAQBC9BFLSUPMKRSIOEqNJaaXiBiQ/jxLoztkNS8SK+xh+wiETFFqudbeb1hnUMcOJgRI80WIqdFd6NJi8xcRiujifR80V0TJEdihanljU2C7acEJYUJawkbJA6x9GSSbCVvXqoyiky1TmF/B0llFbf4QmFzOakQvrCHGB3G3Vk+nn+CmD2PkFZ17n2hw/PHxcivgAAAA==[0m[Pipeline] // script
[8mha:////4Pt/n4ZVTvY7siUx1Z5cf03a1Cw1xA3RWFANuuD1bfdGAAAAph+LCAAAAAAAAP9tjTEOwjAQBC9BFLSUPOIiARIFSkVrueEFJjHGiXUXbAen4kV8jT9gEYmKLVY728zrDcvgoWZvsNPUWwqNxcGNJi9M7Pur44QdX7BhCuw0Sp0kt/o0o+SoYU5RwkLASlPjOFgyEdaiUw9VOUWmOkefv6OA0rZ3eEIhsjkqH78wedjcxjYw/Tx/BTANQ4Ryt8+1PXwA5jKtr74AAAA=[0m[Pipeline] }
[8mha:////4LdfcqiZvCQvBCtcQmyhZUJU3qQ2pwyAgN644NQbd1CCAAAApR+LCAAAAAAAAP9tjTEOwjAQBC9BFLSUPOIigaBBqWgtN7zAJMY4se6C7eBUvIiv8QcsIlGxxWpnm3m9YRk81OwNdpp6S6GxOLjR5IWJfX91nLDjCzZMgZ1GqZPkVp9mlBw1zClKWAhYaWocB0smwlp06qEqp8hU5+jzdxRQ2vYOTyhENkfl4xcmD5vb2Aamn+evAKZhiFDu9rm2hw/V0fYTvgAAAA==[0m[Pipeline] // withEnv
[8mha:////4Gni/pkoNOeZEW8Lp68J877Y5tdcH1k1R12qFT5kFkRqAAAApR+LCAAAAAAAAP9tjTEOwjAQBC9BFLSUPMKRiESDqNJaaXiBiQ/jxLoztkNS8SK+xh+wiETFFqudbeb1hnUMcOJgRI80WIqdFd6NJi8xcRiujifR80V0TJEdihanljU2C7acEJYUJawkbJA6x9GSSbCVvXqoyiky1TmF/B0llFbf4QmFzOakQvrCHGB3G3Vk+nn+CmD2PkFZH3Lt6w/0VwjlvgAAAA==[0m[Pipeline] }
[8mha:////4OWg4R43yYyZTitcK7X7gdKcfR/Xb0bas9dytjqIxpYBAAAApR+LCAAAAAAAAP9tjTEOwjAQBC9BFLSUPOIihYICUaW10vACExvjxLoztkNS8SK+xh+wiETFFqudbeb1hnUMcOJgsNc0WIqdRe9GkxdOHIar4wl7vmDHFNlpbPXUstLNgi0nDUuKElYCNpo6x9GSSbAVvXzIykky1TmF/B0FlFbd4QmFyOYkQ/rCHGB3G1Vk+nn+CmD2PkG5P+Sq6w/HtFNZvgAAAA==[0m[Pipeline] // stage
[8mha:////4Bntg1n02ZizDFOBR/aVMr9ma+2+wRwY01QCyp5StuuHAAAAqB+LCAAAAAAAAP9tjTEOwjAUQ3+LOrAycohUwIKEOrFGXThBaEJIGv1fkpR04kRcjTsQqMSEB8u2ZL3nC6rgoSGvmVXYGwydYYMbdU4ske8vjhKzdGYdYSCnWKtSS1Id59pSVDCrKGHBYamwcxQM6ggrbsVd1E6grk/R5+3AoTTyBg8oeCZH4eO3TB7W11EGwh/nLwCmIUK53WTb7T/P6g3Q7DDawgAAAA==[0m[Pipeline] stage
[8mha:////4GyKpMY6IcAx5iqVkYEpD1zDKF6Vt3JO1qotJ7+Ip7T/AAAApx+LCAAAAAAAAP9tjTEOwjAUQ3+LOrAycoh0YAEhpq5RFk4QmhDSRv+Xn5R24kRcjTvQUokJD5ZtyXqvNxSR4UTsRGOx9RhrL7rQuymJgbi9BhpEQxdRE0YKVig7KDK2WqqiZGFRlsNKwtpiHSh6dAk2stEPXQaNrjwnnrajhNybOzwhkxM5aU7fMjJsb72JhD/OXwCMXYJ8t5/tMD+LD59NhPHCAAAA[0m[Pipeline] { (Build)
[8mha:////4BjmIJN8zBsguKvLMHY7VQclPc27HWAZsmr3a3affdR6AAAApR+LCAAAAAAAAP9tjTEOwjAQBC9BFLSUPOKCBA1CqWgtN7zAJMY4se6C7eBUvIiv8QcsIlGxxWpnm3m9YRk81OwNdpp6S6GxOLjR5IWJfX91nLDjCzZMgZ1GqZPkVp9mlBw1zClKWAhYaWocB0smwlp06qEqp8hU5+jzdxRQ2vYOTyhENkfl4xcmD5vb2Aamn+evAKYhQrk75Npvhw/W61xwvgAAAA==[0m[Pipeline] tool
[8mha:////4GbZ5Q9Q25KbYao7kKnq9rHtRFiPEjAZohCeUu4hXRbKAAAApR+LCAAAAAAAAP9tjTEOwjAQBC9BFLSUPOIiBA1CqWgtN7zAJMY4se6C7eBUvIiv8QcsIlGxxWpnm3m9YRk81OwNdpp6S6GxOLjR5IWJfX91nLDjCzZMgZ1GqZPkVp9mlBw1zClKWAhYaWocB0smwlp06qEqp8hU5+jzdxRQ2vYOTyhENkfl4xcmD5vb2Aamn+evAKYhQrk75Npvhw+X2kdpvgAAAA==[0m[Pipeline] envVarsForTool
[8mha:////4JbHGB66bSV7C8zgpRPgmf8NUW+jXIVPzDcT0hU6edf2AAAAqB+LCAAAAAAAAP9tjTEOwjAUQ3+LOrAycohUAhaEOrFGXThBaEJIGv1fkpR04kRcjTsQqMSEB8u2ZL3nC6rgoSGvmVXYGwydYYMbdU4ske8vjhKzdGYdYSCnWKtSS1Id59pSVDCrKGHBYamwcxQM6ggrbsVd1E6grk/R5+3AoTTyBg8oeCZH4eO3TB7W11EGwh/nLwCmIUK53WfbbT7P6g0SXGqfwgAAAA==[0m[Pipeline] withEnv
[8mha:////4Co4iRU6xfzzjBgzFP2zFh/v93tYrpdeBQKlgfY9ctBUAAAApx+LCAAAAAAAAP9tjTEOwjAUQ3+LOrAycohUAjbE1DXKwglCE0La6P/yk9JOnIircQdaKjHhwbItWe/1hiIynIidaCy2HmPtRRd6NyUxELfXQINo6CJqwkjBCmUHRcZWS1WULCzKclhJWFusA0WPLsFGNvqhy6DRlefE03aUkHtzhydkciInzelbRobtrTeR8Mf5C4CxS5AfdrPt52fxAXzhjwPCAAAA[0m[Pipeline] {
[8mha:////4D3XCNQeZGf74r2DNGTScuxylsq7KHkauMY5JCQwnY5oAAAAph+LCAAAAAAAAP9tjTEOwjAUQ3+DOrAycoh0oBtiYo26cILQhJA0+r9NUtKJE3E17kBLJSY8WLYl673eUMYAJwqGO42dxdha3vvRzIlnCt3NU+aOrrwljOQ1b3RuSOnzWhtKGlYVDDYCthpbT9GiSbATTj5k5SWa6pLCvB0FMKsGeEIhZnKSIX3LFGB/H1Uk/HH+AmDqE7D6sFi9PMsPBA4E38IAAAA=[0m[Pipeline] script
[8mha:////4HTBdyrC9Dyw7nFWPj3/nYqHNNt7dD1EBaFVMdPrFt8cAAAAph+LCAAAAAAAAP9tjTEOwjAUQ3+LOrAycoh0KRNiYo2ycILQhJA0+r9NUtKJE3E17kBLJSY8WLYl673eUMUAJwqGOY2dxdha1vvRzIllCt3NU2aOrqwljOQ1EzoLUvq8VkFJw6qihA2HrcbWU7RoEuy4kw9Ze4mmvqQwb0cOpVUDPKHgMznJkL5lCrC/jyoS/jh/ATD1CcqmWeywPKsPIshjPcIAAAA=[0m[Pipeline] {
[8mha:////4CVZuP8XTiuDeZrfhi4jc3TAt40dOfVysagFZ8t9nt2AAAAApB+LCAAAAAAAAP9tjTEOwjAQBC9BFLSUPOLSAA2iSmu54QUmNsaJdWdsh6TiRXyNPxCIRMUWq51t5vmCZYpw5GixNdQ5So3D4Hs7LRw4dhfPA7Z8xoYpsTcozSBZm3pGydnAnKKEhYCVocZzcmQzrEWr7qryimx1ynH6DgJKp2/wgEJM5qxi/sIYYXPtdWL6ef4KYAwZyu3uU/vwBj0vY+u+AAAA[0m[Pipeline] echo
Building microservice: codeconnect-user-management-service
[8mha:////4JLz7K9gpsG+oyx54r5vlStq4sa0v0oJ01OjhOhmQ9zVAAAApB+LCAAAAAAAAP9tjTEOwjAQBC9BFLSUPOLSgCgQVVrLDS8wsTFOrDtjOyQVL+Jr/IFAJCq2WO1sM88XLFOEI0eLraHOUWocBt/baeHAsbt4HrDlMzZMib1BaQbJ2tQzSs4G5hQlLASsDDWekyObYS1adVeVV2SrU47TdxBQOn2DBxRiMmcV8xfGCJtrrxPTz/NXAGPIUG53n9qHN3weePK+AAAA[0m[Pipeline] sh
+ mvn -version
Apache Maven 3.9.9 (8e8579a9e76f7d015ee5ec7bfcdc97d260186937)
Maven home: /var/jenkins_home/tools/hudson.tasks.Maven_MavenInstallation/Maven_3
Java version: 21.0.6, vendor: Eclipse Adoptium, runtime: /opt/java/openjdk
Default locale: en, platform encoding: UTF-8
OS name: "linux", version: "5.15.167.4-microsoft-standard-wsl2", arch: "amd64", family: "unix"
[8mha:////4EOH/yCR0g+Q99OyxDrnL1nHzsS1x1FgzhrYqWsWD5UsAAAApR+LCAAAAAAAAP9tjTEOwjAQBC9BFLSUPOLSgISEqNJabniBiY1xYt0Z2yGpeBFf4w8EIlGxxWpnm3m+YJkiHDlabA11jlLjMPjeTgsHjt3F84Atn7FhSuwNSjNI1qaeUXI2MKcoYSFgZajxnBzZDGvRqruqvCJbnXKcvoOA0ukbPKAQkzmrmL8wRthce52Yfp6/AhhDhnK7+9Q+vAGzAuB1vgAAAA==[0m[Pipeline] sh
+ cd codeconnect-user-management-service
+ mvn clean verify
[INFO] Scanning for projects...
[INFO] 
[INFO] ----------< com.nus.iss:codeconnect-user-management-service >-----------
[INFO] Building codeconnect-user-management-service 0.0.1-SNAPSHOT
[INFO]   from pom.xml
[INFO] --------------------------------[ jar ]---------------------------------
[INFO] 
[INFO] --- clean:3.4.0:clean (default-clean) @ codeconnect-user-management-service ---
[INFO] Deleting /var/jenkins_home/workspace/CodeConnectBackend/backend/codeconnect-user-management-service/target
[INFO] 
[INFO] --- resources:3.3.1:resources (default-resources) @ codeconnect-user-management-service ---
[INFO] Copying 1 resource from src/main/resources to target/classes
[INFO] 
[INFO] --- compiler:3.13.0:compile (default-compile) @ codeconnect-user-management-service ---
[INFO] Recompiling the module because of changed source code.
[INFO] Compiling 8 source files with javac [debug parameters release 21] to target/classes
[INFO] 
[INFO] --- resources:3.3.1:testResources (default-testResources) @ codeconnect-user-management-service ---
[INFO] skip non existing resourceDirectory /var/jenkins_home/workspace/CodeConnectBackend/backend/codeconnect-user-management-service/src/test/resources
[INFO] 
[INFO] --- compiler:3.13.0:testCompile (default-testCompile) @ codeconnect-user-management-service ---
[INFO] Recompiling the module because of changed dependency.
[INFO] Compiling 3 source files with javac [debug parameters release 21] to target/test-classes
[INFO] 
[INFO] --- surefire:3.5.2:test (default-test) @ codeconnect-user-management-service ---
[INFO] Using auto detected provider org.apache.maven.surefire.junitplatform.JUnitPlatformProvider
[INFO] 
[INFO] -------------------------------------------------------
[INFO]  T E S T S
[INFO] -------------------------------------------------------
[INFO] Running com.nus.iss.appuser.service.impl.AppUserServiceImplTest
Mockito is currently self-attaching to enable the inline-mock-maker. This will no longer work in future releases of the JDK. Please add Mockito as an agent to your build what is described in Mockito's documentation: https://javadoc.io/doc/org.mockito/mockito-core/latest/org/mockito/Mockito.html#0.3
WARNING: A Java agent has been loaded dynamically (/var/jenkins_home/.m2/repository/net/bytebuddy/byte-buddy-agent/1.15.11/byte-buddy-agent-1.15.11.jar)
WARNING: If a serviceability tool is in use, please run with -XX:+EnableDynamicAgentLoading to hide this warning
WARNING: If a serviceability tool is not in use, please run with -Djdk.instrument.traceUsage for more information
WARNING: Dynamic loading of agents will be disallowed by default in a future release
[INFO] Tests run: 2, Failures: 0, Errors: 0, Skipped: 0, Time elapsed: 0.772 s -- in com.nus.iss.appuser.service.impl.AppUserServiceImplTest
[INFO] Running com.nus.iss.appuser.repository.AppUserRepositoryTest
17:01:56.851 [main] INFO org.springframework.test.context.support.AnnotationConfigContextLoaderUtils -- Could not detect default configuration classes for test class [com.nus.iss.appuser.repository.AppUserRepositoryTest]: AppUserRepositoryTest does not declare any static, non-private, non-final, nested classes annotated with @Configuration.
17:01:56.918 [main] INFO org.springframework.boot.test.context.SpringBootTestContextBootstrapper -- Found @SpringBootConfiguration com.nus.iss.Main for test class com.nus.iss.appuser.repository.AppUserRepositoryTest

  .   ____          _            __ _ _
 /\\ / ___'_ __ _ _(_)_ __  __ _ \ \ \ \
( ( )\___ | '_ | '_| | '_ \/ _` | \ \ \ \
 \\/  ___)| |_)| | | | | || (_| |  ) ) ) )
  '  |____| .__|_| |_|_| |_\__, | / / / /
 =========|_|==============|___/=/_/_/_/

 :: Spring Boot ::                (v3.4.2)

2025-02-27T17:01:57.145Z  INFO 996 --- [codeconnect-user-management-service] [           main] c.n.i.a.r.AppUserRepositoryTest          : Starting AppUserRepositoryTest using Java 21.0.6 with PID 996 (started by jenkins in /var/jenkins_home/workspace/CodeConnectBackend/backend/codeconnect-user-management-service)
2025-02-27T17:01:57.146Z  INFO 996 --- [codeconnect-user-management-service] [           main] c.n.i.a.r.AppUserRepositoryTest          : No active profile set, falling back to 1 default profile: "default"
2025-02-27T17:01:57.326Z  INFO 996 --- [codeconnect-user-management-service] [           main] .s.d.r.c.RepositoryConfigurationDelegate : Bootstrapping Spring Data JPA repositories in DEFAULT mode.
2025-02-27T17:01:57.353Z  INFO 996 --- [codeconnect-user-management-service] [           main] .s.d.r.c.RepositoryConfigurationDelegate : Finished Spring Data repository scanning in 22 ms. Found 1 JPA repository interface.
2025-02-27T17:01:57.383Z  INFO 996 --- [codeconnect-user-management-service] [           main] beddedDataSourceBeanFactoryPostProcessor : Replacing 'dataSource' DataSource bean with embedded version
2025-02-27T17:01:57.456Z  INFO 996 --- [codeconnect-user-management-service] [           main] o.s.j.d.e.EmbeddedDatabaseFactory        : Starting embedded database: url='jdbc:h2:mem:19182f14-4177-44dd-aa18-cf149d272fec;DB_CLOSE_DELAY=-1;DB_CLOSE_ON_EXIT=false', username='sa'
2025-02-27T17:01:57.600Z  INFO 996 --- [codeconnect-user-management-service] [           main] o.hibernate.jpa.internal.util.LogHelper  : HHH000204: Processing PersistenceUnitInfo [name: default]
2025-02-27T17:01:57.627Z  INFO 996 --- [codeconnect-user-management-service] [           main] org.hibernate.Version                    : HHH000412: Hibernate ORM core version 6.6.5.Final
2025-02-27T17:01:57.642Z  INFO 996 --- [codeconnect-user-management-service] [           main] o.h.c.internal.RegionFactoryInitiator    : HHH000026: Second-level cache disabled
2025-02-27T17:01:57.694Z  INFO 996 --- [codeconnect-user-management-service] [           main] o.s.o.j.p.SpringPersistenceUnitInfo      : No LoadTimeWeaver setup: ignoring JPA class transformer
2025-02-27T17:01:57.716Z  WARN 996 --- [codeconnect-user-management-service] [           main] org.hibernate.orm.deprecation            : HHH90000025: H2Dialect does not need to be specified explicitly using 'hibernate.dialect' (remove the property setting and it will be selected by default)
2025-02-27T17:01:57.724Z  INFO 996 --- [codeconnect-user-management-service] [           main] org.hibernate.orm.connections.pooling    : HHH10001005: Database info:
	Database JDBC URL [Connecting through datasource 'org.springframework.jdbc.datasource.embedded.EmbeddedDatabaseFactory$EmbeddedDataSourceProxy@73aae7a']
	Database driver: undefined/unknown
	Database version: 2.3.232
	Autocommit mode: undefined/unknown
	Isolation level: undefined/unknown
	Minimum pool size: undefined/unknown
	Maximum pool size: undefined/unknown
2025-02-27T17:01:58.012Z  INFO 996 --- [codeconnect-user-management-service] [           main] o.h.e.t.j.p.i.JtaPlatformInitiator       : HHH000489: No JTA platform available (set 'hibernate.transaction.jta.platform' to enable JTA platform integration)
Hibernate: create table app_user (id bigint generated by default as identity, password varchar(255), role varchar(255), username varchar(255), primary key (id))
2025-02-27T17:01:58.039Z  INFO 996 --- [codeconnect-user-management-service] [           main] j.LocalContainerEntityManagerFactoryBean : Initialized JPA EntityManagerFactory for persistence unit 'default'
2025-02-27T17:01:58.221Z  INFO 996 --- [codeconnect-user-management-service] [           main] c.n.i.a.r.AppUserRepositoryTest          : Started AppUserRepositoryTest in 1.278 seconds (process running for 2.62)
Hibernate: insert into app_user (password,role,username,id) values (?,?,?,default)
Hibernate: select au1_0.id,au1_0.password,au1_0.role,au1_0.username from app_user au1_0 where au1_0.username=?
[INFO] Tests run: 1, Failures: 0, Errors: 0, Skipped: 0, Time elapsed: 1.567 s -- in com.nus.iss.appuser.repository.AppUserRepositoryTest
[INFO] Running com.nus.iss.appuser.controller.AppUserControllerTest
2025-02-27T17:01:58.411Z  INFO 996 --- [codeconnect-user-management-service] [           main] o.s.mock.web.MockServletContext          : Initializing Spring TestDispatcherServlet ''
2025-02-27T17:01:58.411Z  INFO 996 --- [codeconnect-user-management-service] [           main] o.s.t.web.servlet.TestDispatcherServlet  : Initializing Servlet ''
2025-02-27T17:01:58.413Z  INFO 996 --- [codeconnect-user-management-service] [           main] o.s.t.web.servlet.TestDispatcherServlet  : Completed initialization in 1 ms
[INFO] Tests run: 1, Failures: 0, Errors: 0, Skipped: 0, Time elapsed: 0.169 s -- in com.nus.iss.appuser.controller.AppUserControllerTest
[INFO] 
[INFO] Results:
[INFO] 
[INFO] Tests run: 4, Failures: 0, Errors: 0, Skipped: 0
[INFO] 
[INFO] 
[INFO] --- jar:3.4.2:jar (default-jar) @ codeconnect-user-management-service ---
[INFO] Building jar: /var/jenkins_home/workspace/CodeConnectBackend/backend/codeconnect-user-management-service/target/codeconnect-user-management-service-0.0.1-SNAPSHOT.jar
[INFO] 
[INFO] --- spring-boot:3.4.2:repackage (repackage) @ codeconnect-user-management-service ---
[INFO] Replacing main artifact /var/jenkins_home/workspace/CodeConnectBackend/backend/codeconnect-user-management-service/target/codeconnect-user-management-service-0.0.1-SNAPSHOT.jar with repackaged archive, adding nested dependencies in BOOT-INF/.
[INFO] The original artifact has been renamed to /var/jenkins_home/workspace/CodeConnectBackend/backend/codeconnect-user-management-service/target/codeconnect-user-management-service-0.0.1-SNAPSHOT.jar.original
[INFO] ------------------------------------------------------------------------
[INFO] BUILD SUCCESS
[INFO] ------------------------------------------------------------------------
[INFO] Total time:  5.014 s
[INFO] Finished at: 2025-02-27T17:01:58Z
[INFO] ------------------------------------------------------------------------
[8mha:////4KumFWJkmWNqQ8qwwD313tofJVbS6XKFyKsSEgOlCCKfAAAApB+LCAAAAAAAAP9tjTEOwjAQBC9BFLSUPOLSQIEQVVrLDS8wsTFOrDtjOyQVL+Jr/IFAJCq2WO1sM88XLFOEI0eLraHOUWocBt/baeHAsbt4HrDlMzZMib1BaQbJ2tQzSs4G5hQlLASsDDWekyObYS1adVeVV2SrU47TdxBQOn2DBxRiMmcV8xfGCJtrrxPTz/NXAGMIGcrt/lO7NxzZwG6+AAAA[0m[Pipeline] }
[8mha:////4FSjQNYp9xtLAu+034ammJ75we15r8pPLdno4w/1FibqAAAApB+LCAAAAAAAAP9tjTEOwjAQBC9BFLSUPMKhCBWiSmul4QUmPowT687YDknFi/gaf8AiEhVbrHa2mdcb1jHAiYMRPdJgKXZWeDeavMTEYbg6nkTPF9ExRXYoWpxa1tgs2HJCWFKUsJKwQeocR0smwVb26qEqp8hU5xTyd5RQWn2HJxQym5MK6QtzgN1t1JHp5/krgNn7BOVhn6uuP/azv5i+AAAA[0m[Pipeline] // script
[8mha:////4A6h0LxIEov4ZBBK9o8gQGyFcu95gwRgFG4UDDZmq4lLAAAApR+LCAAAAAAAAP9tjTEOwjAQBC9BFLSUPOIiBFQoFa3lhheYxBgn1l2wHZyKF/E1/oBFJCq2WO1sM683LIOHmr3BTlNvKTQWBzeavDCx76+OE3Z8wYYpsNModZLc6tOMkqOGOUUJCwErTY3jYMlEWItOPVTlFJnqHH3+jgJK297hCYXI5qh8/MLkYXMb28D08/wVwDQMEcrDNtd+9wHw9YfNvgAAAA==[0m[Pipeline] }
[8mha:////4KVYQBOoTFxQaVO149Hdphe1sTBC4ehoeC61Xj+Bm4TgAAAApR+LCAAAAAAAAP9tjTEOwjAQBC9BFLSUPOIiRVAhqrRWGl5gYmOcWHfGdkgqXsTX+AMWkajYYrWzzbzesI4BThwM9poGS7Gz6N1o8sKJw3B1PGHPF+yYIjuNrZ5aVrpZsOWkYUlRwkrARlPnOFoyCbailw9ZOUmmOqeQv6OA0qo7PKEQ2ZxkSF+YA+xuo4pMP89fAczeJygPda59/QHItxQ8vgAAAA==[0m[Pipeline] // withEnv
[8mha:////4OkyxV7KUojjBTuf0ohVC9HW48uJSyy2wKED+/UG242oAAAApR+LCAAAAAAAAP9tjTEOwjAQBC9BFLSUPOJSRBQIUaW10vACExvjxLoztkNS8SK+xh+wiETFFqudbeb1hnUMcOJgsNc0WIqdRe9GkxdOHIar4wl7vmDHFNlpbPXUstLNgi0nDUuKElYCNpo6x9GSSbAVvXzIykky1TmF/B0FlFbd4QmFyOYkQ/rCHGB3G1Vk+nn+CmD2PkG5r3PVhw8iK9svvgAAAA==[0m[Pipeline] }
[8mha:////4A/wjX+vVXYe7Yhwpi6rmX/fbzEGFyK+9aVLUE4p1DNmAAAAph+LCAAAAAAAAP9tjTEOwjAQBC9BFLSUPOJSABISSkVrueEFJjHGiXUXbAen4kV8jT9gEYmKLVY728zrDcvgoWZvsNPUWwqNxcGNJi9M7Pur44QdX7BhCuw0Sp0kt/o0o+SoYU5RwkLASlPjOFgyEdaiUw9VOUWmOkefv6OA0rZ3eEIhsjkqH78wedjcxjYw/Tx/BTANQ4Ryv8u1PXwADCvZRb4AAAA=[0m[Pipeline] // stage
[8mha:////4A0FVCr4ADZlKRq1ZHXg0+L0g+ot4Xy5h/SyJOf674D3AAAAqB+LCAAAAAAAAP9tjTEOwjAUQ3+LOrAycohUIHVCTF2jLJwgJCGkjf4vSUo7cSKuxh0IVGLCg2Vbst7zBVUMcKRgWWewdxiVY4MfbU5sotBfPE2sozNThJG8YcJMgrRplyooGVhUlLDisDaoPEWHNsGGd/Iuay/R1qcU8nbgUDp9gwcUPJOTDOlb5gDb66gj4Y/zFwDzkKDc77I1zedZvQE0yn4FwgAAAA==[0m[Pipeline] stage
[8mha:////4HEBawMy0STkAm3cKumRiSdrXiFVd+1XAuw8O/n5CLGnAAAAph+LCAAAAAAAAP9tjTEOwjAUQ3+LOrAycoh0KgtiYo2ycILQhJA0+r9NUtKJE3E17kBLJSY8WLYl673eUMUAJwqGOY2dxdha1vvRzIllCt3NU2aOrqwljOQ1EzoLUvq8VkFJw6qihA2HrcbWU7RoEuy4kw9Ze4mmvqQwb0cOpVUDPKHgMznJkL5lCrC/jyoS/jh/ATD1CcqmWeywPKsPlyKrR8IAAAA=[0m[Pipeline] { (Test & Quality Checks)
Stage "Test & Quality Checks" skipped due to when conditional
[8mha:////4PkouTCYWjiweLGBnMDFy5/U6oF7g/Y1AV0slyEVK3wKAAAApB+LCAAAAAAAAP9tjTEOwjAQBC9BFLSUPOJSAQWiSmu54QUmNsaJdWdsh6TiRXyNPxCIRMUWq51t5vmCZYpw5GixNdQ5So3D4Hs7LRw4dhfPA7Z8xoYpsTcozSBZm3pGydnAnKKEhYCVocZzcmQzrEWr7qryimx1ynH6DgJKp2/wgEJM5qxi/sIYYXPtdWL6ef4KYAwZyu3uU/vwBkhu+A6+AAAA[0m[Pipeline] getContext
[8mha:////4LJ4gZP2uvxqpiaOFgsS83LiUgIALVCWFCdrc0JImXkwAAAApB+LCAAAAAAAAP9tjTEOwjAQBC9BFLSUPOJSgZAQVVrLDS8wsTFOrDtjOyQVL+Jr/IFAJCq2WO1sM88XLFOEI0eLraHOUWocBt/baeHAsbt4HrDlMzZMib1BaQbJ2tQzSs4G5hQlLASsDDWekyObYS1adVeVV2SrU47TdxBQOn2DBxRiMmcV8xfGCJtrrxPTz/NXAGMIGcrt/lO7N/Zh+YO+AAAA[0m[Pipeline] }
[8mha:////4BJkj0eCmMuI5/PsY4NyNKyaIl9wxGfD6G59nKzaR7aHAAAAox+LCAAAAAAAAP9tjTESwiAURH/iWNhaeghSpXAcK1uGxhNggghh/idAJJUn8mreQTQzVm6xs2+b93zBOgY4UtDMKhwMxs4w7yZdFssUhqujzCxdWEcYySkmVBbUq9OCgpKCJVUNKw4bhZ2jaFAn2HIr77JxEnVzTqF8Bw616Ud4QMWLOcmQvjAH2N2mPhL+PH8FMHufoG73n2rf6eOs0b4AAAA=[0m[Pipeline] // stage
[8mha:////4PSOzoTAwTZsdLN47jZfvcRdevcYyz38UT0hctho8NOKAAAAqB+LCAAAAAAAAP9tjTEOwjAUQ3+LOrAycogUGFhQJ9aoCycITQhJo/9LkpJOnIircQcClZjwYNmWrPd8QRU8NOQ1swp7g6EzbHCjzokl8v3FUWKWzqwjDOQUa1VqSarjXFuKCmYVJSw4LBV2joJBHWHFrbiL2gnU9Sn6vB04lEbe4AEFz+QofPyWycP6OspA+OP8BcA0RCh322z7zedZvQEaQVtkwgAAAA==[0m[Pipeline] stage
[8mha:////4MbsDsnLSLCno3LKfpo8X4+nNCtKGqunOizMVyR+Dr89AAAApx+LCAAAAAAAAP9tjTEOwjAUQ3+LOrAycogUFhbE1DXKwglCE0La6P/yk9JOnIircQdaKjHhwbItWe/1hiIynIidaCy2HmPtRRd6NyUxELfXQINo6CJqwkjBCmUHRcZWS1WULCzKclhJWFusA0WPLsFGNvqhy6DRlefE03aUkHtzhydkciInzelbRobtrTeR8Mf5C4CxS5AfdrPt52fxAQB2j23CAAAA[0m[Pipeline] { (Initialize)
[8mha:////4Bb8OJRrWMwRUZ1QI26/3CXDneukKyZMo6rKGArsAzB5AAAApB+LCAAAAAAAAP9tjTEOwjAQBC9BFLSUPOIiKGgQVVrLDS8wsTFOrDtjOyQVL+Jr/IFAJCq2WO1sM88XLFOEI0eLraHOUWocBt/baeHAsbt4HrDlMzZMib1BaQbJ2tQzSs4G5hQlLASsDDWekyObYS1adVeVV2SrU47TdxBQOn2DBxRiMmcV8xfGCJtrrxPTz/NXAGPIUO63n9qFNzkd4Tq+AAAA[0m[Pipeline] tool
[8mha:////4NGOxHRpK52fze4ecJlvNNgbdqEnlfurxayVVgEy+O8JAAAApR+LCAAAAAAAAP9tjTEOwjAQBC9BFLSUPOIihESDqNJabniBiY1xYt0Z2yGpeBFf4w8EIlGxxWpnm3m+YJkiHDlabA11jlLjMPjeTgsHjt3F84Atn7FhSuwNSjNI1qaeUXI2MKcoYSFgZajxnBzZDGvRqruqvCJbnXKcvoOA0ukbPKAQkzmrmL8wRthce52Yfp6/AhhDhnK//dQuvAF4LPojvgAAAA==[0m[Pipeline] envVarsForTool
[8mha:////4O+hoJoyE5hl+U5/1E/gOJiMsZkHr0mQeaILlKAd+U+2AAAAqB+LCAAAAAAAAP9tjTEOwjAUQ3+LOrAycohUSIgFMXWNsnCC0ISQNvq//KS0EyfiatyBlkpMeLBsS9Z7vaGIDCdiJxqLrcdYe9GF3k1JDMTtNdAgGrqImjBSsELZQZGx1VIVJQuLshxWEtYW60DRo0uwkY1+6DJodOU58bQdJeTe3OEJmZzISXP6lpFhe+tNJPxx/gJg7BLkh91s+/lZfABzOMz8wgAAAA==[0m[Pipeline] withEnv
[8mha:////4Bfe1ni+Kv4v5yT1A6l2sP1R3RXlQy/v/83CnYrTLL0TAAAApx+LCAAAAAAAAP9tjTEOwjAUQ3+LOrAycoh0ARbE1DXKwglCE0La6P/yk9JOnIircQdaKjHhwbItWe/1hiIynIidaCy2HmPtRRd6NyUxELfXQINo6CJqwkjBCmUHRcZWS1WULCzKclhJWFusA0WPLsFGNvqhy6DRlefE03aUkHtzhydkciInzelbRobtrTeR8Mf5C4CxS5AfdrPt52fxAZRHx0bCAAAA[0m[Pipeline] {
[8mha:////4Axc+g1VsbhtCnvJ3nrD8XsWIZqtxYhWkWuRPACRccnSAAAAph+LCAAAAAAAAP9tjTEOwjAUQ3+DOrAycoh0ogtiYo26cILQhJA0+r9NUtKJE3E17kBLJSY8WLYl673eUMYAJwqGO42dxdha3vvRzIlnCt3NU+aOrrwljOQ1b3RuSOnzWhtKGlYVDDYCthpbT9GiSbATTj5k5SWa6pLCvB0FMKsGeEIhZnKSIX3LFGB/H1Uk/HH+AmDqE7D6sFi9PMsP+urdAcIAAAA=[0m[Pipeline] script
[8mha:////4G6OLf8oSjGKTaKLpez8SRuvN1a8tV45gfINJxWVi+X4AAAAph+LCAAAAAAAAP9tjTEOwjAUQ3+LOrAycoh0KwNiYo2ycILQhJA0+r9NUtKJE3E17kBLJSY8WLYl673eUMUAJwqGOY2dxdha1vvRzIllCt3NU2aOrqwljOQ1EzoLUvq8VkFJw6qihA2HrcbWU7RoEuy4kw9Ze4mmvqQwb0cOpVUDPKHgMznJkL5lCrC/jyoS/jh/ATD1CcqmWeywPKsPXl9jU8IAAAA=[0m[Pipeline] {
[8mha:////4L2Zq1iupZZFgFV0sR2EPiM2HphdsERkgC+EmiFoOzVeAAAApB+LCAAAAAAAAP9tjTEOwjAQBC9BFLSUPOLSARKiSmu54QUmNsaJdWdsh6TiRXyNPxCIRMUWq51t5vmCZYpw5GixNdQ5So3D4Hs7LRw4dhfPA7Z8xoYpsTcozSBZm3pGydnAnKKEhYCVocZzcmQzrEWr7qryimx1ynH6DgJKp2/wgEJM5qxi/sIYYXPtdWL6ef4KYAwZyu3uU/vwBonA3qO+AAAA[0m[Pipeline] tool
[8mha:////4B6dyIm1HYy8SuZ5PWPE64vWF8OJGJnBDHSGMirmidpzAAAApB+LCAAAAAAAAP9tjTEOwjAQBC9BFLSUPOLSgRCiSmu54QUmNsaJdWdsh6TiRXyNPxCIRMUWq51t5vmCZYpw5GixNdQ5So3D4Hs7LRw4dhfPA7Z8xoYpsTcozSBZm3pGydnAnKKEhYCVocZzcmQzrEWr7qryimx1ynH6DgJKp2/wgEJM5qxi/sIYYXPtdWL6ef4KYAwhQ7ndf2r3BpvLZyW+AAAA[0m[Pipeline] }
[8mha:////4MTMpMNUzXUFC9M+3Hnrbftd8bo2wg/Q6hEBpeRg3CHAAAAApB+LCAAAAAAAAP9tjTEOwjAQBC9BFLSUPMKhCgWiSmul4QUmPowT687YDknFi/gaf8AiEhVbrHa2mdcb1jHAiYMRPdJgKXZWeDeavMTEYbg6nkTPF9ExRXYoWpxa1tgs2HJCWFKUsJKwQeocR0smwVb26qEqp8hU5xTyd5RQWn2HJxQym5MK6QtzgN1t1JHp5/krgNn7BOVhn6uuP3GhGNO+AAAA[0m[Pipeline] // script
[8mha:////4HdX0AlRI8zxftyhpKyR2JQ/wz8fHFZbKXl4uzJpusTaAAAApR+LCAAAAAAAAP9tjTEOwjAQBC9BFLSUPOIiCqBAqWgtN7zAJMY4se6C7eBUvIiv8QcsIlGxxWpnm3m9YRk81OwNdpp6S6GxOLjR5IWJfX91nLDjCzZMgZ1GqZPkVp9mlBw1zClKWAhYaWocB0smwlp06qEqp8hU5+jzdxRQ2vYOTyhENkfl4xcmD5vb2Aamn+evAKZhiFAetrn2uw9uI02BvgAAAA==[0m[Pipeline] }
[8mha:////4HmAcDJfpiaCjRiFH75u6UVFg1HyWGAUH80pMmKG/s37AAAAph+LCAAAAAAAAP9tjTEOwjAQBC9BFLSUPOIiIQQFSkVrueEFJjHGiXUXbAen4kV8jT9gEYmKLVY728zrDcvgoWZvsNPUWwqNxcGNJi9M7Pur44QdX7BhCuw0Sp0kt/o0o+SoYU5RwkLASlPjOFgyEdaiUw9VOUWmOkefv6OA0rZ3eEIhsjkqH78wedjcxjYw/Tx/BTANQ4TysM21330AVmHecL4AAAA=[0m[Pipeline] // withEnv
[8mha:////4P8sMvLDu1hSH77b1wkT9lUCnAOiEyRBvp3Z1eynHtrCAAAAph+LCAAAAAAAAP9tjTEOwjAQBC9BFLSUPOIihAQFSkVrueEFJjHGiXUXbAen4kV8jT9gEYmKLVY728zrDcvgoWZvsNPUWwqNxcGNJi9M7Pur44QdX7BhCuw0Sp0kt/o0o+SoYU5RwkLASlPjOFgyEdaiUw9VOUWmOkefv6OA0rZ3eEIhsjkqH78wedjcxjYw/Tx/BTANQ4TysMu1334AfEboy74AAAA=[0m[Pipeline] }
[8mha:////4Jc26r1LB/FZzQMsl4Asa//jwmZ79GLvn19OvJaE93qQAAAApR+LCAAAAAAAAP9tjTEOwjAQBC9BFLSUPOJCgaBAqWgtN7zAJMY4se6C7eBUvIiv8QcsIlGxxWpnm3m9YRk81OwNdpp6S6GxOLjR5IWJfX91nLDjCzZMgZ1GqZPkVp9mlBw1zClKWAhYaWocB0smwlp06qEqp8hU5+jzdxRQ2vYOTyhENkfl4xcmD5vb2Aamn+evAKZhiFAedrn22w9SRuqhvgAAAA==[0m[Pipeline] // stage
[8mha:////4FqaCBygJv9qSAhdQeyCmzqCiCTpwZmo4muDvzkXVTEMAAAAqB+LCAAAAAAAAP9tjTEOwjAUQ3+LOrAycohUICEG1Ik16sIJQhNC0uj/kqSkEyfiatyBQCUmPFi2Jes9X1AFDw15zazC3mDoDBvcqHNiiXx/cZSYpTPrCAM5xVqVWpLqONeWooJZRQkLDkuFnaNgUEdYcSvuonYCdX2KPm8HDqWRN3hAwTM5Ch+/ZfKwvo4yEP44fwEwDRHK7Sbbfvd5Vm8d2+GSwgAAAA==[0m[Pipeline] stage
[8mha:////4MY+0dc117cBFuKqOnsVBmiKs4pvwIgHab9awp/U/5NcAAAApx+LCAAAAAAAAP9tjTEOwjAUQ3+LOrAycoh0AgbE1DXKwglCE0La6P/yk9JOnIircQdaKjHhwbItWe/1hiIynIidaCy2HmPtRRd6NyUxELfXQINo6CJqwkjBCmUHRcZWS1WULCzKclhJWFusA0WPLsFGNvqhy6DRlefE03aUkHtzhydkciInzelbRobtrTeR8Mf5C4CxS5AfdrPt52fxASGtDzzCAAAA[0m[Pipeline] { (Build Docker Image)
[8mha:////4B4A4r9LWkbw3yXukyeK5BwkyxfyjuNdtk3NlUEMWTeYAAAAox+LCAAAAAAAAP9tjTEOwjAQBC9BFLSUPOLSkQJR0VppeIFJjLFj3Tm2g1PxIr7GHwhEomKL1c4283zBOgY4ctBoFfWGYmvQu1HPCzOH/uo4o+ULtkyRncJG5YY7dVqw4aRgSVHCSsBGUes4GtIJtsLKu6ycJF2dU5i/g4DSdAM8oBCzOcmQvjAF2N3GLjL9PH8FMPkEZb3/VO3fW71ZT74AAAA=[0m[Pipeline] tool
[8mha:////4OtczJosj9xhxR+322gKdggCyn9UCdCe3GNO4ku8qfZVAAAApB+LCAAAAAAAAP9tjTEOwjAQBC9BFLSUPOLSARKiSmu54QUmNsaJdWdsh6TiRXyNPxCIRMUWq51t5vmCZYpw5GixNdQ5So3D4Hs7LRw4dhfPA7Z8xoYpsTcozSBZm3pGydnAnKKEhYCVocZzcmQzrEWr7qryimx1ynH6DgJKp2/wgEJM5qxi/sIYYXPtdWL6ef4KYAwZyt32U/vwBpShwci+AAAA[0m[Pipeline] envVarsForTool
[8mha:////4JaED3sae4vCrI9UhZl4mAMHwg382O034Y7/0KncY3EyAAAApx+LCAAAAAAAAP9tjTEOwjAUQ3+LOrAycoh0AyHE1DXKwglCE0La6P/yk9JOnIircQdaKjHhwbItWe/1hiIynIidaCy2HmPtRRd6NyUxELfXQINo6CJqwkjBCmUHRcZWS1WULCzKclhJWFusA0WPLsFGNvqhy6DRlefE03aUkHtzhydkciInzelbRobtrTeR8Mf5C4CxS5Dvd7Md5mfxAfV5u1TCAAAA[0m[Pipeline] withEnv
[8mha:////4F3ATQWiiqQPK3LjUpxcxhFOYFPfBhi0uEwJ7KlIBeIWAAAApx+LCAAAAAAAAP9tjTEOwjAUQ3+LOrAycoiUDRDqxBp14QShCSFp9H9JUtKJE3E17kCgEhMeLNuS9Z4vqIKHhrxmVmFvMHSGDW7UObFEvr84SszSmXWEgZxirUotSXWca0tRwayihAWHpcLOUTCoI6y4FXdRO4G6PkWftwOH0sgbPKDgmRyFj98yeVhfRxkIf5y/AJiGCOV2n223+TyrNxKsBBbCAAAA[0m[Pipeline] {
[8mha:////4HJWs0xJk0NJQazXnsohFBIMPzshfvvH2Sr5mJd+CmdEAAAApx+LCAAAAAAAAP9tjTEOwjAUQ3+LOrAycogUNiTE1DXKwglCE0La6P/yk9JOnIircQdaKjHhwbItWe/1hiIynIidaCy2HmPtRRd6NyUxELfXQINo6CJqwkjBCmUHRcZWS1WULCzKclhJWFusA0WPLsFGNvqhy6DRlefE03aUkHtzhydkciInzelbRobtrTeR8Mf5C4CxS5AfdrPt52fxAUPegdTCAAAA[0m[Pipeline] script
[8mha:////4LLNnVfl4mV/ZyHnoYg030HgONHdEJR2lLEkjWE6L79VAAAApx+LCAAAAAAAAP9tjTEOwjAUQ3+LOrAycohUMCEhpq5RFk4QmhDSRv+Xn5R24kRcjTvQUokJD5ZtyXqvNxSR4UTsRGOx9RhrL7rQuymJgbi9BhpEQxdRE0YKVig7KDK2WqqiZGFRlsNKwtpiHSh6dAk2stEPXQaNrjwnnrajhNybOzwhkxM5aU7fMjJsb72JhD/OXwCMXYL8sJttPz+LDy1zm5PCAAAA[0m[Pipeline] {
[8mha:////4DSSRPOpnkW7WNlagNzHGre/Mquh4dbHE+ljeElM2c4JAAAApR+LCAAAAAAAAP9tjTEOwjAQBC9BFLSUPOIiQYOEqNJabniBiY1xYt0Z2yGpeBFf4w8EIlGxxWpnm3m+YJkiHDlabA11jlLjMPjeTgsHjt3F84Atn7FhSuwNSjNI1qaeUXI2MKcoYSFgZajxnBzZDGvRqruqvCJbnXKcvoOA0ukbPKAQkzmrmL8wRthce52Yfp6/AhhDhnK//dQuvAHdCQYNvgAAAA==[0m[Pipeline] echo
Building Docker image for codeconnect-user-management-service
[8mha:////4I/xE4c6wVxMZmzRwf+UhT0oFqkR8sISlAYpA6/RXGf4AAAApR+LCAAAAAAAAP9tjTEOwjAQBC9BFLSUPOIiIQokRJXWcsMLTGyME+vO2A5JxYv4Gn8gEImKLVY728zzBcsU4cjRYmuoc5Qah8H3dlo4cOwungds+YwNU2JvUJpBsjb1jJKzgTlFCQsBK0ON5+TIZliLVt1V5RXZ6pTj9B0ElE7f4AGFmMxZxfyFMcLm2uvE9PP8FcAYMpT77ad24Q0an0dCvgAAAA==[0m[Pipeline] sh
+ docker build -t maxin0525/codeconnect-user-management-service:latest ./codeconnect-user-management-service
#1 [internal] load build definition from Dockerfile
#1 sha256:c0f842bd3d752b7feae046d44a980d639973faeec56826a8bda6b8ae18363885
#1 transferring dockerfile: 215B done
#1 DONE 0.0s

#2 [internal] load metadata for docker.io/azul/zulu-openjdk-alpine:21-latest
#2 sha256:a7b1c19755d0ffc4539bb03f5abb21da9b7701ab53b119bf1fe5870e99bb9460
#2 DONE 0.8s

#3 [internal] load .dockerignore
#3 sha256:24572e6895da67eab7f8d82ea217f525d7965e858d845492a8fcb1e6a1423b3e
#3 transferring context: 2B done
#3 DONE 0.0s

#7 [1/3] FROM docker.io/azul/zulu-openjdk-alpine:21-latest@sha256:1b04c66f9a2e830570081b43a3bb12f460bd7ce77c5a328b9054c75fbfb4c049
#7 sha256:1e7eeb1d8aef2ec11bdf8f549a531bfab58484a84b4b0d731248b9da93dd35db
#7 resolve docker.io/azul/zulu-openjdk-alpine:21-latest@sha256:1b04c66f9a2e830570081b43a3bb12f460bd7ce77c5a328b9054c75fbfb4c049 0.0s done
#7 DONE 0.0s

#5 [internal] load build context
#5 sha256:7cfb29fbc0df0940d170c7dcb2aed7416f01366fcc8aec493d44cbab7d1c578a
#5 transferring context: 56.73MB 0.7s done
#5 DONE 0.7s

#6 [2/3] WORKDIR /app
#6 sha256:a6b4b87f870a20efbda7c3f185eb85a6e2e9816aa7d4b4073929a7c66ac9f90c
#6 CACHED

#4 [3/3] COPY target/codeconnect-user-management-service-*.jar app.jar
#4 sha256:b7e3c335c5072a6d46e89dd2b6d63187a8459759ce34a423ecf65507f299149c
#4 DONE 0.1s

#8 exporting to image
#8 sha256:fe9095ccd7fea7ce5d187eb3cc22f270a5f405c1900ad3cd8c6cd44e7d2895c8
#8 exporting layers
#8 exporting layers 1.3s done
#8 exporting manifest sha256:34458a8af586086f0f53b15402b06b4a1fdd2934a39e39f4989278e2e642be71 0.0s done
#8 exporting config sha256:aacf386c2480e5d5ead762e5c7865dcd9e8dfd7a2eccb9933dd2366966e3c5a1 0.0s done
#8 naming to docker.io/maxin0525/codeconnect-user-management-service:latest done
#8 unpacking to docker.io/maxin0525/codeconnect-user-management-service:latest
#8 unpacking to docker.io/maxin0525/codeconnect-user-management-service:latest 0.2s done
#8 DONE 1.5s
[8mha:////4M9TeQ4U6brFXFDHbMdcauOJUYL1kOomwB5Sl4zywY0WAAAApR+LCAAAAAAAAP9tjTEOwjAQBC9BFLSUPOIiISEhIaq0lhteYGJjnFh3xnZIKl7E1/gDgUhUbLHa2WaeL1imCEeOFltDnaPUOAy+t9PCgWN38Txgy2dsmBJ7g9IMkrWpZ5ScDcwpSlgIWBlqPCdHNsNatOquKq/IVqccp+8goHT6Bg8oxGTOKuYvjBE2114npp/nrwDGEDKU+92ntm+8qXPsvgAAAA==[0m[Pipeline] }
[8mha:////4N0rjlfEXC1/oGecb5uRNbYEUEUPegL9QTSypiyx6nwyAAAApR+LCAAAAAAAAP9tjTEOwjAQBC9BFLSUPOIiGoSEqNJabniBiY1xYt0Z2yGpeBFf4w8EIlGxxWpnm3m+YJkiHDlabA11jlLjMPjeTgsHjt3F84Atn7FhSuwNSjNI1qaeUXI2MKcoYSFgZajxnBzZDGvRqruqvCJbnXKcvoOA0ukbPKAQkzmrmL8wRthce52Yfp6/AhhDyFDud5/avgGoiu7zvgAAAA==[0m[Pipeline] // script
[8mha:////4MftlJHnaQ6B43bCd9CUcRmL/gTUmf96y6Lav2k2XKQxAAAApB+LCAAAAAAAAP9tjTEOwjAQBC9BFLSUPOJCBxKiSmu54QUmNsaJdWdsh6TiRXyNPxCIRMUWq51t5vmCZYpw5GixNdQ5So3D4Hs7LRw4dhfPA7Z8xoYpsTcozSBZm3pGydnAnKKEhYCVocZzcmQzrEWr7qryimx1ynH6DgJKp2/wgEJM5qxi/sIYYXPtdWL6ef4KYAwhQ7nffWr7BptptU++AAAA[0m[Pipeline] }
[8mha:////4B1tgfa9K+OaiDPJhXSsr1y4o5/L5ww0T2HVX2uiGOaOAAAApB+LCAAAAAAAAP9tjTEOwjAQBC9BFLSUPMIpCUJUaa00vMDEh3Fi3RnbIal4EV/jD1hEomKL1c4283rDOgY4cTCiRxosxc4K70aTl5g4DFfHk+j5IjqmyA5Fi1PLGpsFW04IS4oSVhI2SJ3jaMkk2MpePVTlFJnqnEL+jhJKq+/whEJmc1IhfWEOsLuNOjL9PH8FMHufoKzrXPvDByV/p0C+AAAA[0m[Pipeline] // withEnv
[8mha:////4OZEPq+SA+Xtj6mB+tqG+AHs83bFoICyZOfdfDBenfRVAAAApR+LCAAAAAAAAP9tjTsOwjAQRDdBFLSUHGLT8RFKRWu54QQmMcaJtRtsB6fiRFyNO2ARiYopRvOmea83LIOHmr3BTlNvKTQWBzeavDCx76+OE3Z8wYYpsNModZLc6tOMkqOGOUUJCwErTY3jYMlEWItOPVTlFJnqHH3+jgJK297hCYXI5qh8/MLkYXMb28D08/wVwDQMEcr9Iddu+wERsUQbvgAAAA==[0m[Pipeline] }
[8mha:////4JzXge/I5p+jbdjury5V65NpS+ZBW9Y2JZXsdN2m5Hc+AAAApR+LCAAAAAAAAP9tjTEOwjAQBC9BFLSUPOJCgxBCqWgtN7zAJMY4se6C7eBUvIiv8QcsIlGxxWpnm3m9YRk81OwNdpp6S6GxOLjR5IWJfX91nLDjCzZMgZ1GqZPkVp9mlBw1zClKWAhYaWocB0smwlp06qEqp8hU5+jzdxRQ2vYOTyhENkfl4xcmD5vb2Aamn+evAKZhiFAetrn2uw/XujUDvgAAAA==[0m[Pipeline] // stage
[8mha:////4MnKWIDmAQY9+0W4EV6LaaUUdAl3wxwWGgT27VwVto5fAAAApx+LCAAAAAAAAP9tjTEOwjAUQ3+LOrAycohUZUOIqWvUhROEJoSk0f8lSUknTsTVuAOBSkx4sGxL1nu+oAoejuQ1swoHg6E3bHSTzokl8sPFUWKWzqwnDOQU61TqSKp2qR1FBYuKElYc1gp7R8GgjrDhVtxF7QTq+hR93g4cSiNv8ICCZ3IUPn7L7GF7nWQg/HH+AmAeI5S7Jtu++TyrN1biT1nCAAAA[0m[Pipeline] stage
[8mha:////4HUqMmyCFbeD/+He9HUZL7FJmb2bSXt4kaTq28/m4JwOAAAApx+LCAAAAAAAAP9tjTEOwjAUQ3+LOrAycohUsCHE1DXKwglCE0La6P/yk9JOnIircQdaKjHhwbItWe/1hiIynIidaCy2HmPtRRd6NyUxELfXQINo6CJqwkjBCmUHRcZWS1WULCzKclhJWFusA0WPLsFGNvqhy6DRlefE03aUkHtzhydkciInzelbRobtrTeR8Mf5C4CxS5AfdrPt52fxAfY0Sa7CAAAA[0m[Pipeline] { (Upload to DockerHub)
[8mha:////4NyXhCT0ElmJdWSKupn0gZYLurQjgJ9M5kHChyL9DV7dAAAApB+LCAAAAAAAAP9tjTEOwjAQBC9BFLSUPOIiQYUQVVrLDS8wsTFOrDtjOyQVL+Jr/IFAJCq2WO1sM88XLFOEI0eLraHOUWocBt/baeHAsbt4HrDlMzZMib1BaQbJ2tQzSs4G5hQlLASsDDWekyObYS1adVeVV2SrU47TdxBQOn2DBxRiMmcV8xfGCJtrrxPTz/NXAGPIUO63n9qFN3RjbsC+AAAA[0m[Pipeline] tool
[8mha:////4LRBjQ72anihvCXgnTUvCGIqx7FSbCHG9fOxoKAXtM0oAAAApR+LCAAAAAAAAP9tjTEOwjAQBC9BFLSUPOIiIRqEqNJabniBiY1xYt0Z2yGpeBFf4w8EIlGxxWpnm3m+YJkiHDlabA11jlLjMPjeTgsHjt3F84Atn7FhSuwNSjNI1qaeUXI2MKcoYSFgZajxnBzZDGvRqruqvCJbnXKcvoOA0ukbPKAQkzmrmL8wRthce52Yfp6/AhhDhnK//dQuvAGz9S+PvgAAAA==[0m[Pipeline] envVarsForTool
[8mha:////4BnJMyAfM6Y/WXipCfc8VvP5RjBcSDgp90iJpokBv2ziAAAAqB+LCAAAAAAAAP9tjTEOwjAUQ3+LOrAycohUQmJAiKlrlIUThCaEtNH/5SelnTgRV+MOtFRiwoNlW7Le6w1FZDgRO9FYbD3G2osu9G5KYiBur4EG0dBF1ISRghXKDoqMrZaqKFlYlOWwkrC2WAeKHl2CjWz0Q5dBoyvPiaftKCH35g5PyORETprTt4wM21tvIuGP8xcAY5cgP+xm28/P4gNPYq4qwgAAAA==[0m[Pipeline] withEnv
[8mha:////4ERfZrmi7EXKuqGsK6/5dPK2NkUN9rZUejw7ouG1YQQbAAAApx+LCAAAAAAAAP9tjTEOwjAUQ3+LOrAycoh0Agkhpq5RFk4QmhDSRv+Xn5R24kRcjTvQUokJD5ZtyXqvNxSR4UTsRGOx9RhrL7rQuymJgbi9BhpEQxdRE0YKVig7KDK2WqqiZGFRlsNKwtpiHSh6dAk2stEPXQaNrjwnnrajhNybOzwhkxM5aU7fMjJsb72JhD/OXwCMXYL8sJttPz+LD2IFAYXCAAAA[0m[Pipeline] {
[8mha:////4KzX2B4hne428TmF/kbvchZaGTzk94Bueo0Yc0CxoL+rAAAApx+LCAAAAAAAAP9tjTEOwjAUQ3+LOrAycoh0AyHE1DXKwglCE0La6P/yk9JOnIircQdaKjHhwbItWe/1hiIynIidaCy2HmPtRRd6NyUxELfXQINo6CJqwkjBCmUHRcZWS1WULCzKclhJWFusA0WPLsFGNvqhy6DRlefE03aUkHtzhydkciInzelbRobtrTeR8Mf5C4CxS5AfdrPt52fxAcawv9fCAAAA[0m[Pipeline] script
[8mha:////4CiBukmrYvvRaaR0nFbv4X0YA1dqk55CSXOEJGo8GCLLAAAAph+LCAAAAAAAAP9tjTEOwjAUQ3+LOrAycoh0BISYukZZOEFoQkgb/V9+UtqJE3E17kBLJSY8WLYl673eUESGE7ETjcXWY6y96ELvpiQG4vYaaBANXURNGClYoeygyNhqqYqShUVZDisJa4t1oOjRJdjIRj90GTS68px42o4Scm/u8IRMTuSkOX3LyLC99SYS/jh/ATB2CfLDbrb9/Cw+091n58IAAAA=[0m[Pipeline] {
[8mha:////4LPM05gWAA0ir6uKCJ6M6tKm7mgDrGbRGhcCMg3kXHb0AAAAox+LCAAAAAAAAP9tjTEOwjAQBC9BFLSUPOLSEiEqWisNLzCJMXasO8d2cCpexNf4A4FIVGyx2tlmni9YxwBHDhqtot5QbA16N+p5YebQXx1ntHzBlimyU9io3HCnTgs2nBQsKUpYCdgoah1HQzrBVlh5l5WTpKtzCvN3EFCaboAHFGI2JxnSF6YAu9vYRaaf568AJp+grPefqv0bsNTxnr4AAAA=[0m[Pipeline] echo
Logging in to DockerHub
[8mha:////4Js2jqGJP6l8o3baxFR1Lp3CBbp2nvfS3sjM4orcN5YuAAAApR+LCAAAAAAAAP9tjTESgjAQRRcYC1tLDxGw03GobDM0niCGGAOZXUwWofJEXs07mJEZK3/132ve6w2rGKCmYEVnsHcYtRODH216YqLQXz1NoqOL0ISRvBGNmRpqzWnBhtjAsiyHQsLaoPYUHVqGjezUQ5VeoS3PHJI7Sshde4cnZDKVWQX+whxgexvbSPjr/A3APDDkhz1Dsauq4QM8qYROvwAAAA==[0m[Pipeline] sh
+ docker login -u maxin0525 --password-stdin
+ cat /run/secrets/docker-hub-credentials
cat: /run/secrets/docker-hub-credentials: No such file or directory
+ echo
Error: Cannot perform an interactive login from a non TTY device
[8mha:////4LG34itlEyjI5ROR6hDan1+CKmbdJU8MSMCQzP8MtZDDAAAApR+LCAAAAAAAAP9tjTESgjAQRRcYC1tLDxGk03GobDM0niCSGAOZXUwWofJEXs07mJEZK3/132ve6w2rGKCmYEVnsHcYWycGP9r0xEShv3qaREcX0RJG8kY0ZmpIm9OCDbGBZVkOhYS1wdZTdGgZNrJTD1V6hbY8c0juKCF3+g5PyGQqswr8hTnA9jbqSPjr/A3APAwMRbWrGPLD/gMEV/FRvwAAAA==[0m[Pipeline] }
[8mha:////4JedbYXyLdQVqtpESm8GtHwkFF73yBarnoRM99xCEH6NAAAAph+LCAAAAAAAAP9tjTEOwjAQBC+JKGgpeYQDNAhFVLRWGl5gYmOcWHfBvpBUvIiv8QcsIlGx1c4083rDIgY4UrCiNdg5jI0TvR9semKk0F09jaKli2gII3kjajPWpM1pxprYwLwsh0LC0mDjKTq0DCvZqocqvUJbnjkkV0nInb7DEzKZyqwCf2EKsL4NOhL+On8DMPU9Q7Hd7Bjyw/4DOzjaR78AAAA=[0m[Pipeline] // script
[8mha:////4IXdbiIjiXaBpa8tfR3lbt17X5xI3bqKy1KItqc+3L59AAAApx+LCAAAAAAAAP9tjTEOwjAQBC+JKGgpeYQDQkJCERWtlYYXmNgYJ9ZdsC8kFS/ia/wBi0hUbLUzzbzesIgBjhSsaA12DmPjRO8Hm54YKXRXT6No6SIawkjeiNqMNWlzmrEmNjAvy6GQsDTYeIoOLcNKtuqhSq/QlmcOyVUScqfv8IRMpjKrwF+YAqxvg46Ev87fAEx9z1BsNzuG/LD/AAjbgfu/AAAA[0m[Pipeline] }
[8mha:////4NZqPr2BplJwK8t6H3So1wDOdvFtps4S16ADusZRVlH3AAAAph+LCAAAAAAAAP9tjTEOwjAQBC+JKGgpeYQDEhQooqK10vACExvjxLoL9oWk4kV8jT9gEYmKrXammdcbFjHAkYIVrcHOYWyc6P1g0xMjhe7qaRQtXURDGMkbUZuxJm1OM9bEBuZlORQSlgYbT9GhZVjJVj1U6RXa8swhuUpC7vQdnpDJVGYV+AtTgPVt0JHw1/kbgKnvGYrtZseQH/YfCrqNf78AAAA=[0m[Pipeline] // withEnv
[8mha:////4EZq1pLgXhT1BriyGzf6Lz1C9dFaHDmz8Fn7/xrYJoX+AAAAph+LCAAAAAAAAP9tjTEOwjAQBC+JKGgpeYQDSBQooqK10vACExvjxLoL9oWk4kV8jT9gEYmKrXammdcbFjHAkYIVrcHOYWyc6P1g0xMjhe7qaRQtXURDGMkbUZuxJm1OM9bEBuZlORQSlgYbT9GhZVjJVj1U6RXa8swhuUpC7vQdnpDJVGYV+AtTgPVt0JHw1/kbgKnvGYrtZs+QH3YfDPy1Kr8AAAA=[0m[Pipeline] }
[8mha:////4EG5n6zMn105qz012ZL4XbPa24s2QTH346X0GdkPbnTBAAAAph+LCAAAAAAAAP9tjbEOgjAURR8QB1dHP6LIYmIMk2vD4hdUWmuheQ/bhzD5Rf6a/2AjiZN3uucs5/WGVQxQU7CiM9g7jK0Tgx9temKi0F89TaKji2gJI3kjGjM1pM1pwYbYwLIsh0LC2mDrKTq0DBvZqYcqvUJbnjkkd5SQO32HJ2QylVkF/sIcYHsbdST8df4GYB4GhqLa7RnyQ/UBGN8oNb8AAAA=[0m[Pipeline] // stage
[8mha:////4FZCqs2YLgEgdkcPrDtPnj3XCjW2oy0zG738d6zvWIfJAAAAqB+LCAAAAAAAAP9tjTESgjAQRRcYCltLDxHExsKhss3QeIIYYgxkdjFZhMoTeTXvIMqMlb/678/8ec8X5DFARcGK1mDnMGonej/YuYmRQnfxNIqWzkITRvJG1GasqTHHBWtiA0uSFDIJK4PaU3RoGdayVXdVeIW2OHGYt4OE1DU3eEAiZzOrwF+YAmyuQxMJf56/Aph6hnRXMmTldv+55m/d4pv3wwAAAA==[0m[Pipeline] stage
[8mha:////4G/YNNIRuwZRY23CCBsBlwkTYgoWambu028Jedmr0CH5AAAAqB+LCAAAAAAAAP9tjTEOwjAUQ39bdWBl5BApTCChTqxRF04QkhCSRv+XJKWdOBFX4w6UVmLCg2Vbst7rDWUMUFMwzGlsLUZpWed7MyU2UGivngbm6MIkYSSvWaOHhpQ+LbWhpGFRlkPBYaVReooWTYI1d+IhKi/QVOcUpu3IIbfqDk/I+EROIqS5jAE2t15Fwh/nLwDGLkGx2+5nP3y/5Qdi1BftxAAAAA==[0m[Pipeline] { (Declarative: Post Actions)
[8mha:////4Mr+btqx/MW24fFeXnBz7vf8402TDOiIAFUqy4PRrRNwAAAApR+LCAAAAAAAAP9tjTEOwjAQBC+JKGgpeYQDHQilorXS8AJjG2PHugu2g1PxIr7GH4gSiYotVjvbzPsDqxigoWCY09hZjNKy3g9mWixT6G6eMnN0ZZIwktes1bklpc8LtpQ0LClKqDisNUpP0aJJsOFOPEXtBZr6ksL0nTiUVj3gBQWfzEmENMMYYHsfVCT8ef4KYOwTVPvdYe5j/wVIcsBmwAAAAA==[0m[Pipeline] echo
Build failed! Please check the logs for details.
[8mha:////4F8BgNPAWsK1SZqb7Zt21kak3Y46VCrQvBcJNYeJjFBeAAAAph+LCAAAAAAAAP9tjTEOwjAQBC+JKGgpeYSTdEiIitZKwwtMbIwT6y7YF5KKF/E1/oAhEhVbrHa2mecLVjHAgYIVncHeYWydGPxo0xIThf7iaRIdnUVLGMkb0ZipIW2OCzbEBpZkORQS1gZbT9GhZdjITt1V6RXa8sQhfXsJudM3eEAmk5lV4C/MAbbXUUfCn+evAOZhYCjquvp0tXsDotWX6cAAAAA=[0m[Pipeline] }
[8mha:////4GHoynt2NA/RW7ePA4ME0K7jyjm5m0b5IUKtDMTXYucpAAAApR+LCAAAAAAAAP9tjTESwiAURH+SsbC19BBEKgvHKi2TxhMgIJIw/0cgJpUn8mreQTQzVm6xs2+b93zBKgY4UrCsM9g7jMqxwY82LzZR6C+eJtbRmSnCSN6w1kwtadMs2FIysKQooRKwNqg8RYc2wUZ08i5rL9HWpxTydxBQOn2DBxQim5MM6QtzgO111JHw5/krgHkYElSc80/v9m+Hw1/fwAAAAA==[0m[Pipeline] // stage
[8mha:////4Ke5G0V/pqVFBMEm5s9S/gkf/DYXmERM5OErj/jh0Jn2AAAApB+LCAAAAAAAAP9tjTESgjAQRRcYC1tLDxEGWsfKNpPGE0SIMZDZjckiVJ7Iq3kHMzJj5a/+e817vWGTIhwpWjEYHB2mzongJ5ufmCmOV0+zGOgiOsJE3ghlZkW9Oa2oiA2sK0qoJGwNdp6SQ8uwk4N+6NprtPWZY3YHCaXr7/CEQuYy68hfWCLsb1OfCH+dvwFYQmComqZlKNvmA3FPOuu/AAAA[0m[Pipeline] }
[8mha:////4BD3d1coipO5zf+raD3s4/UXSlkwOHBUT/0rYTsX9jwIAAAApB+LCAAAAAAAAP9tjTESgjAQRRcYC1tLDxFES4fKNkPjCSKJMZDZxWQRKk/k1byDGZmx8lf/vea93rCKAWoKVnQGe4exdWLwo01PTBT6q6dJdHQRLWEkb0Rjpoa0OS3YEBtYluVQSFgbbD1Fh5ZhIzv1UKVXaMszh+SOEnKn7/CETKYyq8BfmANsb6OOhL/O3wDMw8BQVNWBId/vPkKsYVe/AAAA[0m[Pipeline] // withEnv
[8mha:////4PNK/vPkvF0QIGwOHsqlFhht5Q2NysXBis86gN0FO6FWAAAApR+LCAAAAAAAAP9tjTEOwjAQBC+JKGgpeYSjCDpERWul4QUmNsaJdWfsC07Fi/gafyAiEhVb7UwzrzesUoQjRSt6g4PD1DkR/GjnJzLF4eopi54uoiNM5I1oTW5Jm9OCLbGBZUUJlYS1wc5TcmgZNrJXD1V7hbY+c5zdQULp9B2eUMi5zCryF6YI29uoE+Gv8zcAUwgMVdPsGcpm9wGDnkD4vwAAAA==[0m[Pipeline] }
[8mha:////4Oyxuy27aUiEM5s3hVvrIYY5vxxzlzXIK5zDOrXh1DKnAAAApR+LCAAAAAAAAP9tjTEOwjAQBC+JKGgpeYSjIFEhKlorDS8wsTFOrDtjX3AqXsTX+AMRkajYameaeb1hlSIcKVrRGxwcps6J4Ec7P5EpDldPWfR0ER1hIm9Ea3JL2pwWbIkNLCtKqCSsDXaekkPLsJG9eqjaK7T1mePsDhJKp+/whELOZVaRvzBF2N5GnQh/nb8BmEJgqJpmz1A2uw+wfRtEvwAAAA==[0m[Pipeline] // withEnv
[8mha:////4CANbVhBpbtJolmeQS1omFr1LT4/IBm7nJ8j74Rg4cK5AAAApR+LCAAAAAAAAP9tjTESgjAQRRcYC1tLDxEmjY1jZZuh8QQxxBjI7EKyCJUn8mrewYzMWPmr/17zXm/YpAgnik50FnuPyXgxhMnlJ2aK/S3QLDq6CkOYKFjR2Lmh1p5XbIgtrCtKqBRsLZpAyaNj2KlOP3QdNLr6wjG7o4LStyM8oVC5zDryF5YI+/vUJsJf528AlmFgqKQ8MJRSfgCkXoZbvwAAAA==[0m[Pipeline] }
[8mha:////4FS2nGOO3VAFixq2VFwlrwL5bu8jWdruFBQR5kAsZteJAAAApR+LCAAAAAAAAP9tjTESgjAQRRcYC1tLDxGksnCsbDM0niCSGAOZ3ZgshsoTeTXvICMzVv7qv9e81xtWKcKRohW9wcFh6pwIfrTzE5nicPWURU8X0REm8ka0JrekzWnBltjAsqKESsLaYOcpObQMG9mrh6q9QlufOc7uIKF0+g5PKORcZhX5C1OE7W3UifDX+RuAKQSGqmn2DGWz+wCXvd3nvwAAAA==[0m[Pipeline] // withEnv
[8mha:////4HOcTqrooK4AKONR+rv+uQ/fpTQ5YVZOf9+SNzPX1JU4AAAApR+LCAAAAAAAAP9tjTEOwjAQBM+JKGgpeYSjSBRIiIrWSsMLTGyME+su2BecihfxNf5ARCQqttqZZl5vWKUIR4pOdhZ7j6n1cgijm5/MFPtroCw7usiWMFGwsrG5IWNPCzbEFpaJAkoFa4ttoOTRMWxUpx+6ChpddeY4u4OCwps7PEGoucw68hemCNvbaBLhr/M3ANMwMJR1vWcQuw+F0O2zvgAAAA==[0m[Pipeline] }
[8mha:////4EVFvR2Drhz8RnQQ3Enp24ZcpAuEKHSX3B9XeclAbAJ0AAAApB+LCAAAAAAAAP9tjTEOwjAQBM+JKGgpeYSjiAohKlorDS8wsTFOrLtgX3AqXsTX+AMRkajYameaeb1hlSIcKTrZWew9ptbLIYxufjJT7K+BsuzoIlvCRMHKxuaGjD0t2BBbWCYKKBWsLbaBkkfHsFGdfugqaHTVmePsDgoKb+7wBKHmMuvIX5gibG+jSYS/zt8ATMPAUNb1nkHsPpZs6RC+AAAA[0m[Pipeline] // node
[8mha:////4Pg6AMCFL1O8nzW8Dx5Ufs1Al2ahN8DxG+nwHqeqeT/SAAAAox+LCAAAAAAAAP9tjTESgjAQRRcYC1tLDxGU1rGyzdB4gkhiDGR2Y7IYKk/k1byDjMxY+av/XvNeb1ilCEeKVvQGB4epcyL40c5PZIrD1VMWPV1ER5jIG9Ga3JI2pwVbYgPLihIqCWuDnafk0DJsZK8eqvYKbX3mOLuDhNLpOzyhkHOZVeQvTBG2t1Enwl/nbwCmEBiqfbNjKJoP30xq7L4AAAA=[0m[Pipeline] End of Pipeline
ERROR: script returned exit code 1
Finished: FAILURE
